<?xml version="1.0" encoding="UTF-8"?>
<testsuite xmlns:xsi="http://www.w3.org/2001/XMLSchema-instance" xsi:noNamespaceSchemaLocation="https://maven.apache.org/surefire/maven-surefire-plugin/xsd/surefire-test-report-3.0.xsd" version="3.0" name="ServiceSearchTests" time="13.954" tests="8" errors="0" skipped="0" failures="0">
  <properties>
[...]
</properties>
  <testcase name="testSearchText" classname="ServiceSearchTests" time="3.301">
    <system-out><![CDATA[2025-04-12 23:12:26,283 INFO  [org.neo.dri.int.DriverFactory] (main) Direct driver instance 581494907 created for server address localhost:7687
2025-04-12 23:12:26,734 INFO  [io.quarkus] (main) srvc-search 1.0.0-SNAPSHOT on JVM (powered by Quarkus 3.0.4.Final) started in 2.977s. Listening on: http://localhost:8081
2025-04-12 23:12:26,735 INFO  [io.quarkus] (main) Profile test activated. 
2025-04-12 23:12:26,735 INFO  [io.quarkus] (main) Installed features: [cdi, elasticsearch-java-client, elasticsearch-rest-client, mongodb-client, mongodb-panache, narayana-jta, neo4j, redis-client, resteasy-reactive, resteasy-reactive-jackson, smallrye-context-propagation, smallrye-openapi, swagger-ui, vertx]
2025-04-12 23:12:29,896 INFO  [com.epi.ser.SearchService] (main) Searching for posts with text: [I] and hashtags: []
2025-04-12 23:12:29,914 INFO  [com.epi.rep.ElasticSearchRepository] (main) Elasticsearch Query: SearchRequest: POST /posts/_search?typed_keys=true {"query":{"bool":{"must":[{"bool":{"minimum_should_match":"1","should":[{"bool":{"must":[{"match":{"text":{"query":"I"}}}],"must_not":[{"prefix":{"text":{"value":"#I"}}}]}}]}}]}}}
2025-04-12 23:12:30,045 INFO  [com.epi.rep.ElasticSearchRepository] (main) Elasticsearch Response Total Hits: 3
2025-04-12 23:12:30,046 INFO  [com.epi.rep.ElasticSearchRepository] (main) Mapped Results: [com.epita.repository.entity.Post@36b4cbb8, com.epita.repository.entity.Post@57cfd353, com.epita.repository.entity.Post@4bd29a01]
[com.epita.repository.entity.Post@36b4cbb8, com.epita.repository.entity.Post@57cfd353, com.epita.repository.entity.Post@4bd29a01]
]]></system-out>
  </testcase>
  <testcase name="testPostClassConstructor1Hashtags" classname="ServiceSearchTests" time="0.006"/>
  <testcase name="testPostClassConstructorNoHashtags" classname="ServiceSearchTests" time="0.004"/>
  <testcase name="testPostSimpleMessage" classname="ServiceSearchTests" time="2.028"/>
  <testcase name="testPostClassConstructornHashtags" classname="ServiceSearchTests" time="0.007"/>
  <testcase name="testPostNHashtag" classname="ServiceSearchTests" time="0.016"/>
  <testcase name="testWithRedis" classname="ServiceSearchTests" time="0.011"/>
  <testcase name="testPostOneHashtag" classname="ServiceSearchTests" time="2.013"/>
</testsuite>