<?xml version="1.0" encoding="UTF-8"?>
<testsuite xmlns:xsi="http://www.w3.org/2001/XMLSchema-instance" xsi:noNamespaceSchemaLocation="https://maven.apache.org/surefire/maven-surefire-plugin/xsd/surefire-test-report-3.0.xsd" version="3.0" name="com.epita.UserTimelineRedisIntegrationTest" time="5.073" tests="3" errors="0" skipped="0" failures="0">
  <properties>
[...]
</properties>
  <testcase name="shouldCreateTimelineWhenUserCreated" classname="com.epita.UserTimelineRedisIntegrationTest" time="1.017">
    <system-out><![CDATA[2025-04-12 23:12:56,701 INFO  [com.epi.red.UserTimelineActionSubscriber] (executor-thread-1) [Event Start] UserActionEvent{actionType=USER_CREATED, userId='09f31175-56a1-481b-bb4d-bf5e897b28e7', targetId='null', postId='null', postContent='null', timestamp=Sat Apr 12 23:12:56 CEST 2025}
2025-04-12 23:12:56,702 INFO  [com.epi.rep.ServiceUserTimelineMongoRepo] (executor-thread-1) [CREATE USERTIMELINE][REPO]: creating user timeline in mongo
2025-04-12 23:12:56,706 INFO  [com.epi.red.UserTimelineActionSubscriber] (executor-thread-1) [Event Success] UserActionEvent{actionType=USER_CREATED, userId='09f31175-56a1-481b-bb4d-bf5e897b28e7', targetId='null', postId='null', postContent='null', timestamp=Sat Apr 12 23:12:56 CEST 2025}
]]></system-out>
  </testcase>
  <testcase name="shouldUpdateTimelineWhenPostCreated" classname="com.epita.UserTimelineRedisIntegrationTest" time="1.025">
    <system-out><![CDATA[2025-04-12 23:12:57,713 INFO  [com.epi.red.UserTimelineActionSubscriber] (executor-thread-1) [Event Start] UserActionEvent{actionType=USER_CREATED, userId='09f31175-56a1-481b-bb4d-bf5e897b28e7', targetId='null', postId='null', postContent='null', timestamp=Sat Apr 12 23:12:57 CEST 2025}
2025-04-12 23:12:57,715 ERROR [com.epi.rep.ServiceUserTimelineMongoRepo] (executor-thread-1) [CREATE USERTIMELINE][REPO]: user timeline already exists in mongo
2025-04-12 23:12:57,715 INFO  [com.epi.red.UserTimelineActionSubscriber] (executor-thread-1) [Event Success] UserActionEvent{actionType=USER_CREATED, userId='09f31175-56a1-481b-bb4d-bf5e897b28e7', targetId='null', postId='null', postContent='null', timestamp=Sat Apr 12 23:12:57 CEST 2025}
2025-04-12 23:12:57,715 INFO  [com.epi.red.UserTimelineActionSubscriber] (executor-thread-1) [Event Start] UserActionEvent{actionType=POST_CREATED, userId='09f31175-56a1-481b-bb4d-bf5e897b28e7', targetId='null', postId='redis-post', postContent='null', timestamp=Sat Apr 12 23:12:57 CEST 2025}
2025-04-12 23:12:57,723 INFO  [com.epi.red.UserTimelineActionSubscriber] (executor-thread-1) [Event Success] UserActionEvent{actionType=POST_CREATED, userId='09f31175-56a1-481b-bb4d-bf5e897b28e7', targetId='null', postId='redis-post', postContent='null', timestamp=Sat Apr 12 23:12:57 CEST 2025}
2025-04-12 23:12:58,222 INFO  [com.epi.red.UserTimelineActionSubscriber] (executor-thread-1) [Event Start] UserActionEvent{actionType=POST_DELETED, userId='09f31175-56a1-481b-bb4d-bf5e897b28e7', targetId='null', postId='redis-post', postContent='null', timestamp=null}
2025-04-12 23:12:58,230 INFO  [com.epi.red.UserTimelineActionSubscriber] (executor-thread-1) [Event Success] UserActionEvent{actionType=POST_DELETED, userId='09f31175-56a1-481b-bb4d-bf5e897b28e7', targetId='null', postId='redis-post', postContent='null', timestamp=null}
]]></system-out>
  </testcase>
  <testcase name="shouldUpdateTimelineWhenPostLiked" classname="com.epita.UserTimelineRedisIntegrationTest" time="3.026">
    <system-out><![CDATA[2025-04-12 23:12:58,740 INFO  [com.epi.red.UserTimelineActionSubscriber] (executor-thread-1) [Event Start] UserActionEvent{actionType=USER_CREATED, userId='09f31175-56a1-481b-bb4d-bf5e897b28e7', targetId='null', postId='null', postContent='null', timestamp=Sat Apr 12 23:12:58 CEST 2025}
2025-04-12 23:12:58,742 ERROR [com.epi.rep.ServiceUserTimelineMongoRepo] (executor-thread-1) [CREATE USERTIMELINE][REPO]: user timeline already exists in mongo
2025-04-12 23:12:58,742 INFO  [com.epi.red.UserTimelineActionSubscriber] (executor-thread-1) [Event Success] UserActionEvent{actionType=USER_CREATED, userId='09f31175-56a1-481b-bb4d-bf5e897b28e7', targetId='null', postId='null', postContent='null', timestamp=Sat Apr 12 23:12:58 CEST 2025}
2025-04-12 23:12:58,742 INFO  [com.epi.red.UserTimelineActionSubscriber] (executor-thread-1) [Event Start] UserActionEvent{actionType=POST_LIKED, userId='09f31175-56a1-481b-bb4d-bf5e897b28e7', targetId='null', postId='redis-post', postContent='null', timestamp=Sat Apr 12 23:12:58 CEST 2025}
2025-04-12 23:12:58,749 INFO  [com.epi.red.UserTimelineActionSubscriber] (executor-thread-1) [Event Success] UserActionEvent{actionType=POST_LIKED, userId='09f31175-56a1-481b-bb4d-bf5e897b28e7', targetId='null', postId='redis-post', postContent='null', timestamp=Sat Apr 12 23:12:58 CEST 2025}
2025-04-12 23:12:59,253 INFO  [com.epi.red.UserTimelineActionSubscriber] (executor-thread-1) [Event Start] UserActionEvent{actionType=POST_UNLIKED, userId='09f31175-56a1-481b-bb4d-bf5e897b28e7', targetId='null', postId='redis-post', postContent='null', timestamp=null}
2025-04-12 23:12:59,260 INFO  [com.epi.red.UserTimelineActionSubscriber] (executor-thread-1) [Event Success] UserActionEvent{actionType=POST_UNLIKED, userId='09f31175-56a1-481b-bb4d-bf5e897b28e7', targetId='null', postId='redis-post', postContent='null', timestamp=null}
2025-04-12 23:12:59,757 INFO  [com.epi.red.UserTimelineActionSubscriber] (executor-thread-1) [Event Start] UserActionEvent{actionType=USER_DELETED, userId='09f31175-56a1-481b-bb4d-bf5e897b28e7', targetId='null', postId='null', postContent='null', timestamp=null}
2025-04-12 23:12:59,761 INFO  [com.epi.red.UserTimelineActionSubscriber] (executor-thread-1) [Event Success] UserActionEvent{actionType=USER_DELETED, userId='09f31175-56a1-481b-bb4d-bf5e897b28e7', targetId='null', postId='null', postContent='null', timestamp=null}
]]></system-out>
  </testcase>
</testsuite>