<?xml version="1.0" encoding="UTF-8"?>
<testsuite xmlns:xsi="http://www.w3.org/2001/XMLSchema-instance" xsi:noNamespaceSchemaLocation="https://maven.apache.org/surefire/maven-surefire-plugin/xsd/surefire-test-report-3.0.xsd" version="3.0" name="com.epita.GetSocialControllerTest" time="11.782" tests="12" errors="0" skipped="0" failures="0">
  <properties>
[...]
</properties>
  <testcase name="testGetBlockedUsersSuccess" classname="com.epita.GetSocialControllerTest" time="2.803">
    <system-out><![CDATA[2025-04-12 23:11:58,318 INFO  [org.tes.doc.DockerClientProviderStrategy] (build-49) Loaded org.testcontainers.dockerclient.NpipeSocketClientProviderStrategy from ~/.testcontainers.properties, will try it first
2025-04-12 23:11:59,167 INFO  [org.tes.doc.DockerClientProviderStrategy] (build-49) Found Docker environment with local Npipe socket (npipe:////./pipe/docker_engine)
2025-04-12 23:11:59,169 INFO  [org.tes.DockerClientFactory] (build-49) Docker host IP address is localhost
2025-04-12 23:11:59,187 INFO  [org.tes.DockerClientFactory] (build-49) Connected to docker: 
  Server Version: 28.0.1
  API Version: 1.48
  Operating System: Docker Desktop
  Total Memory: 15599 MB
2025-04-12 23:11:59,198 INFO  [org.tes.uti.ImageNameSubstitutor] (build-49) Image name substitution will be performed by: DefaultImageNameSubstitutor (composite of 'ConfigurationFileImageNameSubstitutor' and 'PrefixingImageNameSubstitutor')
2025-04-12 23:11:59,200 INFO  [org.tes.DockerClientFactory] (build-49) Checking the system...
2025-04-12 23:11:59,201 INFO  [org.tes.DockerClientFactory] (build-49) ?? Docker server version should be at least 1.6.0
2025-04-12 23:12:00,029 INFO  [org.neo.dri.int.DriverFactory] (main) Direct driver instance 466262884 created for server address localhost:7687
2025-04-12 23:12:00,593 INFO  [io.quarkus] (main) repo-social 1.0.0-SNAPSHOT on JVM (powered by Quarkus 3.0.4.Final) started in 3.361s. Listening on: http://localhost:8081
2025-04-12 23:12:00,594 INFO  [io.quarkus] (main) Profile test activated. 
2025-04-12 23:12:00,594 INFO  [io.quarkus] (main) Installed features: [cdi, mongodb-client, mongodb-panache, narayana-jta, neo4j, redis-client, resteasy-reactive, resteasy-reactive-jackson, smallrye-context-propagation, smallrye-openapi, swagger-ui, vertx]
2025-04-12 23:12:00,902 INFO  [com.epi.GetSocialControllerTest] (main) [TEST SETUP] Nettoyage de la base de données Neo4j...
2025-04-12 23:12:01,138 INFO  [com.epi.GetSocialControllerTest] (main) [TEST SETUP] Base de données Neo4j nettoyée avec succès
2025-04-12 23:12:02,262 INFO  [com.epi.ser.SocialService] (executor-thread-1) [USER EXISTS][SERVICE]: User blockerUser exists.
2025-04-12 23:12:02,270 INFO  [com.epi.ser.SocialService] (executor-thread-1) [USER EXISTS][SERVICE]: User blockedUser exists.
2025-04-12 23:12:02,353 INFO  [com.epi.ser.SocialService] (executor-thread-1) [USER BLOCKED][SERVICE]: User blockerUser is not blocked by blockedUser
2025-04-12 23:12:02,452 INFO  [com.epi.ser.SocialService] (executor-thread-1) [USER BLOCK][SERVICE]: Creating relationship: Relationship[source=Node{nodeType=User, nodeId='blockerUser'}, target=Node{nodeType=User, nodeId='blockedUser'}, type=BLOCKS, timestamp=1744492322356]
2025-04-12 23:12:02,496 INFO  [com.epi.ser.SocialService] (executor-thread-1) [BLOCK USER][SERVICE]: Suppression des relations de suivi entre blockerUser et blockedUser
2025-04-12 23:12:02,739 INFO  [com.epi.ser.SocialService] (executor-thread-1) [USER EXISTS][SERVICE]: User blockerUser exists.
2025-04-12 23:12:02,740 INFO  [com.epi.rep.SocialRepoNeo4j] (executor-thread-1) [GET USER BLOCKED USERS][REPOSITORY]: Récupération des utilisateurs bloqués par: blockerUser
2025-04-12 23:12:02,781 INFO  [com.epi.ser.SocialService] (executor-thread-1) [USER BLOCKED USERS][SERVICE]: Blocked users by blockerUser: [blockedUser]
2025-04-12 23:12:02,783 INFO  [com.epi.con.GetSocialController] (executor-thread-1) [GET BLOCKED USERS][CONTROLLER]: Récupération des utilisateurs bloqués par blockerUser
]]></system-out>
  </testcase>
  <testcase name="testGetFollowersSuccess" classname="com.epita.GetSocialControllerTest" time="0.694">
    <system-out><![CDATA[2025-04-12 23:12:03,414 INFO  [com.epi.GetSocialControllerTest] (main) [TEST SETUP] Nettoyage de la base de données Neo4j...
2025-04-12 23:12:03,435 INFO  [com.epi.GetSocialControllerTest] (main) [TEST SETUP] Base de données Neo4j nettoyée avec succès
2025-04-12 23:12:03,553 INFO  [com.epi.ser.SocialService] (executor-thread-1) [USER EXISTS][SERVICE]: User followerUser exists.
2025-04-12 23:12:03,561 INFO  [com.epi.ser.SocialService] (executor-thread-1) [USER EXISTS][SERVICE]: User targetUser exists.
2025-04-12 23:12:03,574 INFO  [com.epi.ser.SocialService] (executor-thread-1) [USER BLOCKED][SERVICE]: User followerUser is not blocked by targetUser
2025-04-12 23:12:03,591 INFO  [com.epi.ser.SocialService] (executor-thread-1) [USER BLOCKED][SERVICE]: User targetUser is not blocked by followerUser
2025-04-12 23:12:03,649 INFO  [com.epi.ser.SocialService] (executor-thread-1) [USER FOLLOWING][SERVICE]: User followerUser is not following targetUser
2025-04-12 23:12:04,012 INFO  [com.epi.ser.SocialService] (executor-thread-1) [USER FOLLOW][SERVICE]: Creating relationship: Relationship[source=Node{nodeType=User, nodeId='followerUser'}, target=Node{nodeType=User, nodeId='targetUser'}, type=FOLLOWS, timestamp=1744492323649]
2025-04-12 23:12:04,015 INFO  [com.epi.ser.SocialService] (executor-thread-1) [USER FOLLOW][SERVICE]: Publishing event: UserActionEvent{actionType=USER_FOLLOWED, userId='null', targetId='null', postId='null', postContent='null', timestamp=null}
2025-04-12 23:12:04,018 INFO  [com.epi.con.UpdateSocialController] (executor-thread-1) [FOLLOW USER][CONTROLLER]: followerUser suit targetUser
2025-04-12 23:12:04,053 INFO  [com.epi.ser.SocialService] (executor-thread-1) [USER EXISTS][SERVICE]: User targetUser exists.
2025-04-12 23:12:04,053 INFO  [com.epi.rep.SocialRepoNeo4j] (executor-thread-1) [GET USER FOLLOWERS][REPOSITORY]: Récupération des abonnés de l'utilisateur: targetUser
2025-04-12 23:12:04,080 INFO  [com.epi.ser.SocialService] (executor-thread-1) [USER FOLLOWERS][SERVICE]: Followers of user targetUser: [followerUser]
2025-04-12 23:12:04,083 INFO  [com.epi.con.GetSocialController] (executor-thread-1) [GET FOLLOWERS][CONTROLLER]: Récupération des abonnés de l'utilisateur targetUser
]]></system-out>
  </testcase>
  <testcase name="testGetBlockedUsersUserNotFound" classname="com.epita.GetSocialControllerTest" time="0.092">
    <system-out><![CDATA[2025-04-12 23:12:04,110 INFO  [com.epi.GetSocialControllerTest] (main) [TEST SETUP] Nettoyage de la base de données Neo4j...
2025-04-12 23:12:04,123 INFO  [com.epi.GetSocialControllerTest] (main) [TEST SETUP] Base de données Neo4j nettoyée avec succès
2025-04-12 23:12:04,196 INFO  [com.epi.ser.SocialService] (executor-thread-1) [USER EXISTS][SERVICE]: User nonexistentUser does not exist.
]]></system-out>
  </testcase>
  <testcase name="testGetLikedPostsSuccess" classname="com.epita.GetSocialControllerTest" time="0.395">
    <system-out><![CDATA[2025-04-12 23:12:04,202 INFO  [com.epi.GetSocialControllerTest] (main) [TEST SETUP] Nettoyage de la base de données Neo4j...
2025-04-12 23:12:04,215 INFO  [com.epi.GetSocialControllerTest] (main) [TEST SETUP] Base de données Neo4j nettoyée avec succès
2025-04-12 23:12:04,378 INFO  [com.epi.ser.SocialService] (executor-thread-1) [USER EXISTS][SERVICE]: User likerUser exists.
2025-04-12 23:12:04,401 INFO  [com.epi.ser.SocialService] (executor-thread-1) [POST EXISTS][SERVICE]: Post c5172028-ca4f-4509-8986-a126ba704b37 exists.
2025-04-12 23:12:04,437 INFO  [com.epi.ser.SocialService] (executor-thread-1) [USER LIKED POST][SERVICE]: User likerUser has not liked post c5172028-ca4f-4509-8986-a126ba704b37
2025-04-12 23:12:04,438 INFO  [com.epi.rep.SocialRepoNeo4j] (executor-thread-1) [GET POST AUTHOR][REPOSITORY]: Récupération de l'auteur du post: c5172028-ca4f-4509-8986-a126ba704b37
2025-04-12 23:12:04,462 INFO  [com.epi.ser.SocialService] (executor-thread-1) [POST AUTHOR][SERVICE]: Author of post c5172028-ca4f-4509-8986-a126ba704b37 is authorUser
2025-04-12 23:12:04,475 INFO  [com.epi.ser.SocialService] (executor-thread-1) [USER BLOCKED][SERVICE]: User likerUser is not blocked by authorUser
2025-04-12 23:12:04,488 INFO  [com.epi.ser.SocialService] (executor-thread-1) [USER BLOCKED][SERVICE]: User authorUser is not blocked by likerUser
2025-04-12 23:12:04,488 INFO  [com.epi.ser.SocialService] (executor-thread-1) [POST LIKE][SERVICE]: Creating relationship: Relationship[source=Node{nodeType=User, nodeId='likerUser'}, target=Node{nodeType=Post, nodeId='c5172028-ca4f-4509-8986-a126ba704b37'}, type=LIKES, timestamp=1744492324488]
2025-04-12 23:12:04,529 INFO  [com.epi.ser.SocialService] (executor-thread-1) [POST LIKE][SERVICE]: Publishing event: UserActionEvent{actionType=POST_LIKED, userId='null', targetId='null', postId='c5172028-ca4f-4509-8986-a126ba704b37', postContent='null', timestamp=null}
2025-04-12 23:12:04,557 INFO  [com.epi.ser.SocialService] (executor-thread-1) [USER EXISTS][SERVICE]: User likerUser exists.
2025-04-12 23:12:04,557 INFO  [com.epi.rep.SocialRepoNeo4j] (executor-thread-1) [GET USER LIKED POSTS][REPOSITORY]: Récupération des posts aimés par l'utilisateur: likerUser
2025-04-12 23:12:04,576 INFO  [com.epi.ser.SocialService] (executor-thread-1) [USER LIKED POSTS][SERVICE]: Posts liked by user likerUser: [c5172028-ca4f-4509-8986-a126ba704b37]
2025-04-12 23:12:04,578 INFO  [com.epi.con.GetSocialController] (executor-thread-1) [GET LIKED POSTS][CONTROLLER]: Récupération des posts aimés par l'utilisateur likerUser
]]></system-out>
  </testcase>
  <testcase name="testGetLikedPostsUserNotFound" classname="com.epita.GetSocialControllerTest" time="0.075">
    <system-out><![CDATA[2025-04-12 23:12:04,599 INFO  [com.epi.GetSocialControllerTest] (main) [TEST SETUP] Nettoyage de la base de données Neo4j...
2025-04-12 23:12:04,612 INFO  [com.epi.GetSocialControllerTest] (main) [TEST SETUP] Base de données Neo4j nettoyée avec succès
2025-04-12 23:12:04,670 INFO  [com.epi.ser.SocialService] (executor-thread-1) [USER EXISTS][SERVICE]: User nonexistentUser does not exist.
]]></system-out>
  </testcase>
  <testcase name="testGetFollowsUserNotFound" classname="com.epita.GetSocialControllerTest" time="0.073">
    <system-out><![CDATA[2025-04-12 23:12:04,676 INFO  [com.epi.GetSocialControllerTest] (main) [TEST SETUP] Nettoyage de la base de données Neo4j...
2025-04-12 23:12:04,686 INFO  [com.epi.GetSocialControllerTest] (main) [TEST SETUP] Base de données Neo4j nettoyée avec succès
2025-04-12 23:12:04,745 INFO  [com.epi.ser.SocialService] (executor-thread-1) [USER EXISTS][SERVICE]: User nonexistentUser does not exist.
]]></system-out>
  </testcase>
  <testcase name="testGetBlockingUsersUserNotFound" classname="com.epita.GetSocialControllerTest" time="0.074">
    <system-out><![CDATA[2025-04-12 23:12:04,749 INFO  [com.epi.GetSocialControllerTest] (main) [TEST SETUP] Nettoyage de la base de données Neo4j...
2025-04-12 23:12:04,760 INFO  [com.epi.GetSocialControllerTest] (main) [TEST SETUP] Base de données Neo4j nettoyée avec succès
2025-04-12 23:12:04,819 INFO  [com.epi.ser.SocialService] (executor-thread-1) [USER EXISTS][SERVICE]: User nonexistentUser does not exist.
]]></system-out>
  </testcase>
  <testcase name="testGetBlockingUsersSuccess" classname="com.epita.GetSocialControllerTest" time="0.191">
    <system-out><![CDATA[2025-04-12 23:12:04,823 INFO  [com.epi.GetSocialControllerTest] (main) [TEST SETUP] Nettoyage de la base de données Neo4j...
2025-04-12 23:12:04,833 INFO  [com.epi.GetSocialControllerTest] (main) [TEST SETUP] Base de données Neo4j nettoyée avec succès
2025-04-12 23:12:04,913 INFO  [com.epi.ser.SocialService] (executor-thread-1) [USER EXISTS][SERVICE]: User blockerUser exists.
2025-04-12 23:12:04,918 INFO  [com.epi.ser.SocialService] (executor-thread-1) [USER EXISTS][SERVICE]: User blockedUser exists.
2025-04-12 23:12:04,924 INFO  [com.epi.ser.SocialService] (executor-thread-1) [USER BLOCKED][SERVICE]: User blockerUser is not blocked by blockedUser
2025-04-12 23:12:04,943 INFO  [com.epi.ser.SocialService] (executor-thread-1) [USER BLOCK][SERVICE]: Creating relationship: Relationship[source=Node{nodeType=User, nodeId='blockerUser'}, target=Node{nodeType=User, nodeId='blockedUser'}, type=BLOCKS, timestamp=1744492324924]
2025-04-12 23:12:04,950 INFO  [com.epi.ser.SocialService] (executor-thread-1) [BLOCK USER][SERVICE]: Suppression des relations de suivi entre blockerUser et blockedUser
2025-04-12 23:12:04,977 INFO  [com.epi.ser.SocialService] (executor-thread-1) [USER EXISTS][SERVICE]: User blockedUser exists.
2025-04-12 23:12:04,977 INFO  [com.epi.rep.SocialRepoNeo4j] (executor-thread-1) [GET USER BLOCKING USERS][REPOSITORY]: Récupération des utilisateurs qui bloquent: blockedUser
2025-04-12 23:12:04,995 INFO  [com.epi.ser.SocialService] (executor-thread-1) [USER BLOCKING USERS][SERVICE]: Users blocking blockedUser: [blockerUser]
2025-04-12 23:12:04,996 INFO  [com.epi.con.GetSocialController] (executor-thread-1) [GET BLOCKING USERS][CONTROLLER]: Récupération des utilisateurs qui ont bloqué blockedUser
]]></system-out>
  </testcase>
  <testcase name="testGetLikeUsersSuccess" classname="com.epita.GetSocialControllerTest" time="0.248">
    <system-out><![CDATA[2025-04-12 23:12:05,017 INFO  [com.epi.GetSocialControllerTest] (main) [TEST SETUP] Nettoyage de la base de données Neo4j...
2025-04-12 23:12:05,028 INFO  [com.epi.GetSocialControllerTest] (main) [TEST SETUP] Base de données Neo4j nettoyée avec succès
2025-04-12 23:12:05,128 INFO  [com.epi.ser.SocialService] (executor-thread-1) [USER EXISTS][SERVICE]: User likerUser exists.
2025-04-12 23:12:05,133 INFO  [com.epi.ser.SocialService] (executor-thread-1) [POST EXISTS][SERVICE]: Post 098ab057-abd1-4b86-b1a6-11f9026ffabb exists.
2025-04-12 23:12:05,144 INFO  [com.epi.ser.SocialService] (executor-thread-1) [USER LIKED POST][SERVICE]: User likerUser has not liked post 098ab057-abd1-4b86-b1a6-11f9026ffabb
2025-04-12 23:12:05,144 INFO  [com.epi.rep.SocialRepoNeo4j] (executor-thread-1) [GET POST AUTHOR][REPOSITORY]: Récupération de l'auteur du post: 098ab057-abd1-4b86-b1a6-11f9026ffabb
2025-04-12 23:12:05,152 INFO  [com.epi.ser.SocialService] (executor-thread-1) [POST AUTHOR][SERVICE]: Author of post 098ab057-abd1-4b86-b1a6-11f9026ffabb is userForPost
2025-04-12 23:12:05,162 INFO  [com.epi.ser.SocialService] (executor-thread-1) [USER BLOCKED][SERVICE]: User likerUser is not blocked by userForPost
2025-04-12 23:12:05,171 INFO  [com.epi.ser.SocialService] (executor-thread-1) [USER BLOCKED][SERVICE]: User userForPost is not blocked by likerUser
2025-04-12 23:12:05,171 INFO  [com.epi.ser.SocialService] (executor-thread-1) [POST LIKE][SERVICE]: Creating relationship: Relationship[source=Node{nodeType=User, nodeId='likerUser'}, target=Node{nodeType=Post, nodeId='098ab057-abd1-4b86-b1a6-11f9026ffabb'}, type=LIKES, timestamp=1744492325171]
2025-04-12 23:12:05,194 INFO  [com.epi.ser.SocialService] (executor-thread-1) [POST LIKE][SERVICE]: Publishing event: UserActionEvent{actionType=POST_LIKED, userId='null', targetId='null', postId='098ab057-abd1-4b86-b1a6-11f9026ffabb', postContent='null', timestamp=null}
2025-04-12 23:12:05,228 INFO  [com.epi.ser.SocialService] (executor-thread-1) [POST EXISTS][SERVICE]: Post 098ab057-abd1-4b86-b1a6-11f9026ffabb exists.
2025-04-12 23:12:05,228 INFO  [com.epi.rep.SocialRepoNeo4j] (executor-thread-1) [GET POST LIKE USERS][REPOSITORY]: Récupération des utilisateurs qui ont aimé le post: 098ab057-abd1-4b86-b1a6-11f9026ffabb
2025-04-12 23:12:05,246 INFO  [com.epi.ser.SocialService] (executor-thread-1) [POST LIKED USERS][SERVICE]: Users who liked post 098ab057-abd1-4b86-b1a6-11f9026ffabb: [likerUser]
2025-04-12 23:12:05,247 INFO  [com.epi.con.GetSocialController] (executor-thread-1) [GET LIKE USERS][CONTROLLER]: Récupération des utilisateurs qui ont aimé le post 098ab057-abd1-4b86-b1a6-11f9026ffabb
]]></system-out>
  </testcase>
  <testcase name="testGetFollowsSuccess" classname="com.epita.GetSocialControllerTest" time="0.228">
    <system-out><![CDATA[2025-04-12 23:12:05,266 INFO  [com.epi.GetSocialControllerTest] (main) [TEST SETUP] Nettoyage de la base de données Neo4j...
2025-04-12 23:12:05,277 INFO  [com.epi.GetSocialControllerTest] (main) [TEST SETUP] Base de données Neo4j nettoyée avec succès
2025-04-12 23:12:05,371 INFO  [com.epi.ser.SocialService] (executor-thread-1) [USER EXISTS][SERVICE]: User followerUser exists.
2025-04-12 23:12:05,377 INFO  [com.epi.ser.SocialService] (executor-thread-1) [USER EXISTS][SERVICE]: User followedUser exists.
2025-04-12 23:12:05,387 INFO  [com.epi.ser.SocialService] (executor-thread-1) [USER BLOCKED][SERVICE]: User followerUser is not blocked by followedUser
2025-04-12 23:12:05,396 INFO  [com.epi.ser.SocialService] (executor-thread-1) [USER BLOCKED][SERVICE]: User followedUser is not blocked by followerUser
2025-04-12 23:12:05,406 INFO  [com.epi.ser.SocialService] (executor-thread-1) [USER FOLLOWING][SERVICE]: User followerUser is not following followedUser
2025-04-12 23:12:05,421 INFO  [com.epi.ser.SocialService] (executor-thread-1) [USER FOLLOW][SERVICE]: Creating relationship: Relationship[source=Node{nodeType=User, nodeId='followerUser'}, target=Node{nodeType=User, nodeId='followedUser'}, type=FOLLOWS, timestamp=1744492325406]
2025-04-12 23:12:05,421 INFO  [com.epi.ser.SocialService] (executor-thread-1) [USER FOLLOW][SERVICE]: Publishing event: UserActionEvent{actionType=USER_FOLLOWED, userId='null', targetId='null', postId='null', postContent='null', timestamp=null}
2025-04-12 23:12:05,423 INFO  [com.epi.con.UpdateSocialController] (executor-thread-1) [FOLLOW USER][CONTROLLER]: followerUser suit followedUser
2025-04-12 23:12:05,454 INFO  [com.epi.ser.SocialService] (executor-thread-1) [USER EXISTS][SERVICE]: User followerUser exists.
2025-04-12 23:12:05,454 INFO  [com.epi.rep.SocialRepoNeo4j] (executor-thread-1) [GET USER FOLLOWS][REPOSITORY]: Récupération des utilisateurs suivis par: followerUser
2025-04-12 23:12:05,471 INFO  [com.epi.ser.SocialService] (executor-thread-1) [USER FOLLOWS][SERVICE]: Users followed by user followerUser: [followedUser]
2025-04-12 23:12:05,471 INFO  [com.epi.con.GetSocialController] (executor-thread-1) [GET FOLLOWS][CONTROLLER]: Récupération des utilisateurs suivis par followerUser
]]></system-out>
  </testcase>
  <testcase name="testGetLikeUsersNotFound" classname="com.epita.GetSocialControllerTest" time="0.065">
    <system-out><![CDATA[2025-04-12 23:12:05,495 INFO  [com.epi.GetSocialControllerTest] (main) [TEST SETUP] Nettoyage de la base de données Neo4j...
2025-04-12 23:12:05,505 INFO  [com.epi.GetSocialControllerTest] (main) [TEST SETUP] Base de données Neo4j nettoyée avec succès
2025-04-12 23:12:05,558 INFO  [com.epi.ser.SocialService] (executor-thread-1) [POST EXISTS][SERVICE]: Post 8593fa32-8b9b-4804-90fa-945ef548c335 does not exist.
]]></system-out>
  </testcase>
  <testcase name="testGetFollowersUserNotFound" classname="com.epita.GetSocialControllerTest" time="0.069">
    <system-out><![CDATA[2025-04-12 23:12:05,561 INFO  [com.epi.GetSocialControllerTest] (main) [TEST SETUP] Nettoyage de la base de données Neo4j...
2025-04-12 23:12:05,570 INFO  [com.epi.GetSocialControllerTest] (main) [TEST SETUP] Base de données Neo4j nettoyée avec succès
2025-04-12 23:12:05,627 INFO  [com.epi.ser.SocialService] (executor-thread-1) [USER EXISTS][SERVICE]: User nonexistentUser does not exist.
]]></system-out>
  </testcase>
</testsuite>