<?xml version="1.0" encoding="UTF-8"?>
<testsuite xmlns:xsi="http://www.w3.org/2001/XMLSchema-instance" xsi:noNamespaceSchemaLocation="https://maven.apache.org/surefire/maven-surefire-plugin/xsd/surefire-test-report-3.0.xsd" version="3.0" name="com.epita.UpdateSocialControllerTest" time="2.06" tests="6" errors="0" skipped="0" failures="0">
  <properties>
[...]
</properties>
  <testcase name="testUnblockUser" classname="com.epita.UpdateSocialControllerTest" time="0.356">
    <system-out><![CDATA[2025-04-12 23:12:07,672 INFO  [com.epi.UpdateSocialControllerTest] (main) Test setup completed with users: testuser1-578e01dc, testuser2-9c2126d7
2025-04-12 23:12:07,713 INFO  [com.epi.ser.SocialService] (executor-thread-1) [USER EXISTS][SERVICE]: User testuser1-578e01dc exists.
2025-04-12 23:12:07,717 INFO  [com.epi.ser.SocialService] (executor-thread-1) [USER EXISTS][SERVICE]: User testuser2-9c2126d7 exists.
2025-04-12 23:12:07,726 INFO  [com.epi.ser.SocialService] (executor-thread-1) [USER BLOCKED][SERVICE]: User testuser1-578e01dc is blocked by testuser2-9c2126d7
2025-04-12 23:12:07,726 INFO  [com.epi.ser.SocialService] (executor-thread-1) [USER BLOCK][SERVICE]: Deleting relationship: Relationship[source=Node{nodeType=User, nodeId='testuser1-578e01dc'}, target=Node{nodeType=User, nodeId='testuser2-9c2126d7'}, type=BLOCKS, timestamp=1744492327726]
2025-04-12 23:12:07,893 INFO  [com.epi.ser.SocialService] (executor-thread-1) [USER EXISTS][SERVICE]: User testuser1-578e01dc exists.
2025-04-12 23:12:07,898 INFO  [com.epi.ser.SocialService] (executor-thread-1) [USER EXISTS][SERVICE]: User testuser2-9c2126d7 exists.
2025-04-12 23:12:07,902 INFO  [com.epi.ser.SocialService] (executor-thread-1) [USER BLOCKED][SERVICE]: User testuser1-578e01dc is not blocked by testuser2-9c2126d7
2025-04-12 23:12:07,923 INFO  [com.epi.ser.SocialService] (executor-thread-1) [USER EXISTS][SERVICE]: User testuser1-578e01dc exists.
2025-04-12 23:12:07,928 INFO  [com.epi.ser.SocialService] (executor-thread-1) [USER EXISTS][SERVICE]: User testuser1-578e01dc exists.
2025-04-12 23:12:07,950 INFO  [com.epi.ser.SocialService] (executor-thread-1) [USER EXISTS][SERVICE]: User nonexistentuser does not exist.
2025-04-12 23:12:07,974 INFO  [com.epi.ser.SocialService] (executor-thread-1) [USER EXISTS][SERVICE]: User testuser1-578e01dc exists.
2025-04-12 23:12:07,979 INFO  [com.epi.ser.SocialService] (executor-thread-1) [USER EXISTS][SERVICE]: User nonexistentuser does not exist.
]]></system-out>
  </testcase>
  <testcase name="testUnfollowUser" classname="com.epita.UpdateSocialControllerTest" time="0.316">
    <system-out><![CDATA[2025-04-12 23:12:08,018 INFO  [com.epi.UpdateSocialControllerTest] (main) Test setup completed with users: testuser1-fcc2b4ec, testuser2-fcc8386e
2025-04-12 23:12:08,064 INFO  [com.epi.ser.SocialService] (executor-thread-1) [USER EXISTS][SERVICE]: User testuser1-fcc2b4ec exists.
2025-04-12 23:12:08,069 INFO  [com.epi.ser.SocialService] (executor-thread-1) [USER EXISTS][SERVICE]: User testuser2-fcc8386e exists.
2025-04-12 23:12:08,073 INFO  [com.epi.ser.SocialService] (executor-thread-1) [USER FOLLOWING][SERVICE]: User testuser1-fcc2b4ec is following testuser2-fcc8386e
2025-04-12 23:12:08,073 INFO  [com.epi.con.UpdateSocialController] (executor-thread-1) [UNFOLLOW USER][CONTROLLER]: testuser1-fcc2b4ec ne suit plus testuser2-fcc8386e
2025-04-12 23:12:08,073 INFO  [com.epi.ser.SocialService] (executor-thread-1) [USER UNFOLLOW][SERVICE]: Deleting relationship: Relationship[source=Node{nodeType=User, nodeId='testuser1-fcc2b4ec'}, target=Node{nodeType=User, nodeId='testuser2-fcc8386e'}, type=FOLLOWS, timestamp=1744492328073]
2025-04-12 23:12:08,085 INFO  [com.epi.ser.SocialService] (executor-thread-1) [USER UNFOLLOW][SERVICE]: Publishing event: UserActionEvent{actionType=USER_UNFOLLOWED, userId='null', targetId='null', postId='null', postContent='null', timestamp=null}
2025-04-12 23:12:08,219 INFO  [com.epi.ser.SocialService] (executor-thread-1) [USER EXISTS][SERVICE]: User testuser1-fcc2b4ec exists.
2025-04-12 23:12:08,223 INFO  [com.epi.ser.SocialService] (executor-thread-1) [USER EXISTS][SERVICE]: User testuser2-fcc8386e exists.
2025-04-12 23:12:08,227 INFO  [com.epi.ser.SocialService] (executor-thread-1) [USER FOLLOWING][SERVICE]: User testuser1-fcc2b4ec is not following testuser2-fcc8386e
2025-04-12 23:12:08,247 INFO  [com.epi.ser.SocialService] (executor-thread-1) [USER EXISTS][SERVICE]: User testuser1-fcc2b4ec exists.
2025-04-12 23:12:08,251 INFO  [com.epi.ser.SocialService] (executor-thread-1) [USER EXISTS][SERVICE]: User testuser1-fcc2b4ec exists.
2025-04-12 23:12:08,270 INFO  [com.epi.ser.SocialService] (executor-thread-1) [USER EXISTS][SERVICE]: User nonexistentuser does not exist.
2025-04-12 23:12:08,293 INFO  [com.epi.ser.SocialService] (executor-thread-1) [USER EXISTS][SERVICE]: User testuser1-fcc2b4ec exists.
2025-04-12 23:12:08,297 INFO  [com.epi.ser.SocialService] (executor-thread-1) [USER EXISTS][SERVICE]: User nonexistentuser does not exist.
]]></system-out>
  </testcase>
  <testcase name="testBlockUser" classname="com.epita.UpdateSocialControllerTest" time="0.333">
    <system-out><![CDATA[2025-04-12 23:12:08,336 INFO  [com.epi.UpdateSocialControllerTest] (main) Test setup completed with users: testuser1-8b54556b, testuser2-6555035d
2025-04-12 23:12:08,370 INFO  [com.epi.ser.SocialService] (executor-thread-1) [USER EXISTS][SERVICE]: User testuser1-8b54556b exists.
2025-04-12 23:12:08,375 INFO  [com.epi.ser.SocialService] (executor-thread-1) [USER EXISTS][SERVICE]: User testuser2-6555035d exists.
2025-04-12 23:12:08,383 INFO  [com.epi.ser.SocialService] (executor-thread-1) [USER BLOCKED][SERVICE]: User testuser1-8b54556b is not blocked by testuser2-6555035d
2025-04-12 23:12:08,396 INFO  [com.epi.ser.SocialService] (executor-thread-1) [USER BLOCK][SERVICE]: Creating relationship: Relationship[source=Node{nodeType=User, nodeId='testuser1-8b54556b'}, target=Node{nodeType=User, nodeId='testuser2-6555035d'}, type=BLOCKS, timestamp=1744492328383]
2025-04-12 23:12:08,411 INFO  [com.epi.ser.SocialService] (executor-thread-1) [BLOCK USER][SERVICE]: Suppression des relations de suivi entre testuser1-8b54556b et testuser2-6555035d
2025-04-12 23:12:08,549 INFO  [com.epi.ser.SocialService] (executor-thread-1) [USER EXISTS][SERVICE]: User testuser1-8b54556b exists.
2025-04-12 23:12:08,553 INFO  [com.epi.ser.SocialService] (executor-thread-1) [USER EXISTS][SERVICE]: User testuser2-6555035d exists.
2025-04-12 23:12:08,557 INFO  [com.epi.ser.SocialService] (executor-thread-1) [USER BLOCKED][SERVICE]: User testuser1-8b54556b is blocked by testuser2-6555035d
2025-04-12 23:12:08,578 INFO  [com.epi.ser.SocialService] (executor-thread-1) [USER EXISTS][SERVICE]: User testuser1-8b54556b exists.
2025-04-12 23:12:08,583 INFO  [com.epi.ser.SocialService] (executor-thread-1) [USER EXISTS][SERVICE]: User testuser1-8b54556b exists.
2025-04-12 23:12:08,604 INFO  [com.epi.ser.SocialService] (executor-thread-1) [USER EXISTS][SERVICE]: User nonexistentuser does not exist.
2025-04-12 23:12:08,626 INFO  [com.epi.ser.SocialService] (executor-thread-1) [USER EXISTS][SERVICE]: User testuser1-8b54556b exists.
2025-04-12 23:12:08,630 INFO  [com.epi.ser.SocialService] (executor-thread-1) [USER EXISTS][SERVICE]: User nonexistentuser does not exist.
]]></system-out>
  </testcase>
  <testcase name="testFollowUser" classname="com.epita.UpdateSocialControllerTest" time="0.313">
    <system-out><![CDATA[2025-04-12 23:12:08,668 INFO  [com.epi.UpdateSocialControllerTest] (main) Test setup completed with users: testuser1-6aa557c0, testuser2-f6ab55bd
2025-04-12 23:12:08,690 INFO  [com.epi.ser.SocialService] (executor-thread-1) [USER EXISTS][SERVICE]: User testuser1-6aa557c0 exists.
2025-04-12 23:12:08,694 INFO  [com.epi.ser.SocialService] (executor-thread-1) [USER EXISTS][SERVICE]: User testuser2-f6ab55bd exists.
2025-04-12 23:12:08,702 INFO  [com.epi.ser.SocialService] (executor-thread-1) [USER BLOCKED][SERVICE]: User testuser1-6aa557c0 is not blocked by testuser2-f6ab55bd
2025-04-12 23:12:08,711 INFO  [com.epi.ser.SocialService] (executor-thread-1) [USER BLOCKED][SERVICE]: User testuser2-f6ab55bd is not blocked by testuser1-6aa557c0
2025-04-12 23:12:08,719 INFO  [com.epi.ser.SocialService] (executor-thread-1) [USER FOLLOWING][SERVICE]: User testuser1-6aa557c0 is not following testuser2-f6ab55bd
2025-04-12 23:12:08,731 INFO  [com.epi.ser.SocialService] (executor-thread-1) [USER FOLLOW][SERVICE]: Creating relationship: Relationship[source=Node{nodeType=User, nodeId='testuser1-6aa557c0'}, target=Node{nodeType=User, nodeId='testuser2-f6ab55bd'}, type=FOLLOWS, timestamp=1744492328719]
2025-04-12 23:12:08,731 INFO  [com.epi.ser.SocialService] (executor-thread-1) [USER FOLLOW][SERVICE]: Publishing event: UserActionEvent{actionType=USER_FOLLOWED, userId='null', targetId='null', postId='null', postContent='null', timestamp=null}
2025-04-12 23:12:08,733 INFO  [com.epi.con.UpdateSocialController] (executor-thread-1) [FOLLOW USER][CONTROLLER]: testuser1-6aa557c0 suit testuser2-f6ab55bd
2025-04-12 23:12:08,866 INFO  [com.epi.ser.SocialService] (executor-thread-1) [USER EXISTS][SERVICE]: User testuser1-6aa557c0 exists.
2025-04-12 23:12:08,871 INFO  [com.epi.ser.SocialService] (executor-thread-1) [USER EXISTS][SERVICE]: User nonexistentuser does not exist.
2025-04-12 23:12:08,892 INFO  [com.epi.ser.SocialService] (executor-thread-1) [USER EXISTS][SERVICE]: User testuser1-6aa557c0 exists.
2025-04-12 23:12:08,896 INFO  [com.epi.ser.SocialService] (executor-thread-1) [USER EXISTS][SERVICE]: User testuser2-f6ab55bd exists.
2025-04-12 23:12:08,900 INFO  [com.epi.ser.SocialService] (executor-thread-1) [USER BLOCKED][SERVICE]: User testuser1-6aa557c0 is not blocked by testuser2-f6ab55bd
2025-04-12 23:12:08,905 INFO  [com.epi.ser.SocialService] (executor-thread-1) [USER BLOCKED][SERVICE]: User testuser2-f6ab55bd is not blocked by testuser1-6aa557c0
2025-04-12 23:12:08,909 INFO  [com.epi.ser.SocialService] (executor-thread-1) [USER FOLLOWING][SERVICE]: User testuser1-6aa557c0 is following testuser2-f6ab55bd
2025-04-12 23:12:08,945 INFO  [com.epi.ser.SocialService] (executor-thread-1) [USER EXISTS][SERVICE]: User nonexistentuser does not exist.
]]></system-out>
  </testcase>
  <testcase name="testLikePost" classname="com.epita.UpdateSocialControllerTest" time="0.415">
    <system-out><![CDATA[2025-04-12 23:12:08,985 INFO  [com.epi.UpdateSocialControllerTest] (main) Test setup completed with users: testuser1-82c331b0, testuser2-32ab00a2
2025-04-12 23:12:09,005 INFO  [com.epi.ser.SocialService] (executor-thread-1) [USER EXISTS][SERVICE]: User testuser1-82c331b0 exists.
2025-04-12 23:12:09,009 INFO  [com.epi.ser.SocialService] (executor-thread-1) [POST EXISTS][SERVICE]: Post 941663db-028e-4345-adc7-48b497ca2467 exists.
2025-04-12 23:12:09,017 INFO  [com.epi.ser.SocialService] (executor-thread-1) [USER LIKED POST][SERVICE]: User testuser1-82c331b0 has not liked post 941663db-028e-4345-adc7-48b497ca2467
2025-04-12 23:12:09,017 INFO  [com.epi.rep.SocialRepoNeo4j] (executor-thread-1) [GET POST AUTHOR][REPOSITORY]: Récupération de l'auteur du post: 941663db-028e-4345-adc7-48b497ca2467
2025-04-12 23:12:09,023 INFO  [com.epi.ser.SocialService] (executor-thread-1) [POST AUTHOR][SERVICE]: No author found for post 941663db-028e-4345-adc7-48b497ca2467
2025-04-12 23:12:09,024 INFO  [com.epi.ser.SocialService] (executor-thread-1) [POST LIKE][SERVICE]: Creating relationship: Relationship[source=Node{nodeType=User, nodeId='testuser1-82c331b0'}, target=Node{nodeType=Post, nodeId='941663db-028e-4345-adc7-48b497ca2467'}, type=LIKES, timestamp=1744492329024]
2025-04-12 23:12:09,049 INFO  [com.epi.ser.SocialService] (executor-thread-1) [POST LIKE][SERVICE]: Publishing event: UserActionEvent{actionType=POST_LIKED, userId='null', targetId='null', postId='941663db-028e-4345-adc7-48b497ca2467', postContent='null', timestamp=null}
2025-04-12 23:12:09,187 INFO  [com.epi.ser.SocialService] (executor-thread-1) [USER EXISTS][SERVICE]: User testuser1-82c331b0 exists.
2025-04-12 23:12:09,191 INFO  [com.epi.ser.SocialService] (executor-thread-1) [POST EXISTS][SERVICE]: Post 941663db-028e-4345-adc7-48b497ca2467 exists.
2025-04-12 23:12:09,195 INFO  [com.epi.ser.SocialService] (executor-thread-1) [USER LIKED POST][SERVICE]: User testuser1-82c331b0 has liked post 941663db-028e-4345-adc7-48b497ca2467
2025-04-12 23:12:09,215 INFO  [com.epi.ser.SocialService] (executor-thread-1) [USER EXISTS][SERVICE]: User testuser1-82c331b0 exists.
2025-04-12 23:12:09,219 INFO  [com.epi.ser.SocialService] (executor-thread-1) [POST EXISTS][SERVICE]: Post nonexistentpost does not exist.
2025-04-12 23:12:09,238 INFO  [com.epi.ser.SocialService] (executor-thread-1) [USER EXISTS][SERVICE]: User nonexistentuser does not exist.
2025-04-12 23:12:09,261 INFO  [com.epi.ser.SocialService] (executor-thread-1) [USER EXISTS][SERVICE]: User testuser1-82c331b0 exists.
2025-04-12 23:12:09,266 INFO  [com.epi.ser.SocialService] (executor-thread-1) [POST EXISTS][SERVICE]: Post nonexistentpost does not exist.
2025-04-12 23:12:09,338 INFO  [com.epi.ser.SocialService] (executor-thread-1) [USER EXISTS][SERVICE]: User testuser1-82c331b0 exists.
2025-04-12 23:12:09,343 INFO  [com.epi.ser.SocialService] (executor-thread-1) [POST EXISTS][SERVICE]: Post 941663db-028e-4345-adc7-48b497ca2467 exists.
2025-04-12 23:12:09,348 INFO  [com.epi.ser.SocialService] (executor-thread-1) [USER LIKED POST][SERVICE]: User testuser1-82c331b0 has not liked post 941663db-028e-4345-adc7-48b497ca2467
2025-04-12 23:12:09,348 INFO  [com.epi.rep.SocialRepoNeo4j] (executor-thread-1) [GET POST AUTHOR][REPOSITORY]: Récupération de l'auteur du post: 941663db-028e-4345-adc7-48b497ca2467
2025-04-12 23:12:09,351 INFO  [com.epi.ser.SocialService] (executor-thread-1) [POST AUTHOR][SERVICE]: Author of post 941663db-028e-4345-adc7-48b497ca2467 is testuser2-32ab00a2
2025-04-12 23:12:09,360 INFO  [com.epi.ser.SocialService] (executor-thread-1) [USER BLOCKED][SERVICE]: User testuser1-82c331b0 is blocked by testuser2-32ab00a2
]]></system-out>
  </testcase>
  <testcase name="testUnlikePost" classname="com.epita.UpdateSocialControllerTest" time="0.321">
    <system-out><![CDATA[2025-04-12 23:12:09,408 INFO  [com.epi.UpdateSocialControllerTest] (main) Test setup completed with users: testuser1-871bfe7a, testuser2-d67a6324
2025-04-12 23:12:09,441 INFO  [com.epi.ser.SocialService] (executor-thread-1) [USER EXISTS][SERVICE]: User testuser1-871bfe7a exists.
2025-04-12 23:12:09,445 INFO  [com.epi.ser.SocialService] (executor-thread-1) [POST EXISTS][SERVICE]: Post 26d33768-1b06-4cc1-a27c-82a8eba2d66c exists.
2025-04-12 23:12:09,453 INFO  [com.epi.ser.SocialService] (executor-thread-1) [USER LIKED POST][SERVICE]: User testuser1-871bfe7a has liked post 26d33768-1b06-4cc1-a27c-82a8eba2d66c
2025-04-12 23:12:09,464 INFO  [com.epi.ser.SocialService] (executor-thread-1) [POST UNLIKE][SERVICE]: Publishing event: UserActionEvent{actionType=POST_UNLIKED, userId='null', targetId='null', postId='26d33768-1b06-4cc1-a27c-82a8eba2d66c', postContent='null', timestamp=null}
2025-04-12 23:12:09,607 INFO  [com.epi.ser.SocialService] (executor-thread-1) [USER EXISTS][SERVICE]: User testuser1-871bfe7a exists.
2025-04-12 23:12:09,611 INFO  [com.epi.ser.SocialService] (executor-thread-1) [POST EXISTS][SERVICE]: Post 26d33768-1b06-4cc1-a27c-82a8eba2d66c exists.
2025-04-12 23:12:09,615 INFO  [com.epi.ser.SocialService] (executor-thread-1) [USER LIKED POST][SERVICE]: User testuser1-871bfe7a has not liked post 26d33768-1b06-4cc1-a27c-82a8eba2d66c
2025-04-12 23:12:09,636 INFO  [com.epi.ser.SocialService] (executor-thread-1) [USER EXISTS][SERVICE]: User testuser1-871bfe7a exists.
2025-04-12 23:12:09,640 INFO  [com.epi.ser.SocialService] (executor-thread-1) [POST EXISTS][SERVICE]: Post nonexistentpost does not exist.
2025-04-12 23:12:09,658 INFO  [com.epi.ser.SocialService] (executor-thread-1) [USER EXISTS][SERVICE]: User nonexistentuser does not exist.
2025-04-12 23:12:09,679 INFO  [com.epi.ser.SocialService] (executor-thread-1) [USER EXISTS][SERVICE]: User testuser1-871bfe7a exists.
2025-04-12 23:12:09,683 INFO  [com.epi.ser.SocialService] (executor-thread-1) [POST EXISTS][SERVICE]: Post nonexistentpost does not exist.
]]></system-out>
  </testcase>
</testsuite>