<?xml version="1.0" encoding="UTF-8"?>
<testsuite xmlns:xsi="http://www.w3.org/2001/XMLSchema-instance" xsi:noNamespaceSchemaLocation="https://maven.apache.org/surefire/maven-surefire-plugin/xsd/surefire-test-report-3.0.xsd" version="3.0" name="RepoPostTest" time="10.138" tests="22" errors="0" skipped="0" failures="0">
  <properties>
[...]
</properties>
  <testcase name="testGetPostById" classname="RepoPostTest" time="1.408">
    <system-out><![CDATA[2025-04-12 23:11:36,788 INFO  [org.tes.doc.DockerClientProviderStrategy] (build-2) Loaded org.testcontainers.dockerclient.NpipeSocketClientProviderStrategy from ~/.testcontainers.properties, will try it first
2025-04-12 23:11:37,913 INFO  [org.tes.doc.DockerClientProviderStrategy] (build-2) Found Docker environment with local Npipe socket (npipe:////./pipe/docker_engine)
2025-04-12 23:11:37,916 INFO  [org.tes.DockerClientFactory] (build-2) Docker host IP address is localhost
2025-04-12 23:11:37,932 INFO  [org.tes.DockerClientFactory] (build-2) Connected to docker: 
  Server Version: 28.0.1
  API Version: 1.48
  Operating System: Docker Desktop
  Total Memory: 15599 MB
2025-04-12 23:11:37,945 INFO  [org.tes.uti.ImageNameSubstitutor] (build-2) Image name substitution will be performed by: DefaultImageNameSubstitutor (composite of 'ConfigurationFileImageNameSubstitutor' and 'PrefixingImageNameSubstitutor')
2025-04-12 23:11:37,947 INFO  [org.tes.DockerClientFactory] (build-2) Checking the system...
2025-04-12 23:11:37,948 INFO  [org.tes.DockerClientFactory] (build-2) ?? Docker server version should be at least 1.6.0
2025-04-12 23:11:38,798 INFO  [org.neo.dri.int.DriverFactory] (main) Direct driver instance 638582764 created for server address localhost:7687
2025-04-12 23:11:39,248 INFO  [io.quarkus] (main) repo-post 1.0.0-SNAPSHOT on JVM (powered by Quarkus 3.0.4.Final) started in 3.572s. Listening on: http://localhost:8081
2025-04-12 23:11:39,249 INFO  [io.quarkus] (main) Profile test activated. 
2025-04-12 23:11:39,249 INFO  [io.quarkus] (main) Installed features: [cdi, mongodb-client, mongodb-panache, narayana-jta, neo4j, redis-client, resteasy-reactive, resteasy-reactive-jackson, smallrye-context-propagation, smallrye-openapi, swagger-ui, vertx]
2025-04-12 23:11:39,552 INFO  [com.epi.rep.RegisteredUsersRepo] (main) [CLEAR USERS][REPO]: clearing all users
2025-04-12 23:11:39,672 INFO  [org.mon.dri.client] (main) MongoClient with metadata {"driver": {"name": "mongo-java-driver|sync", "version": "4.9.1"}, "os": {"type": "Windows", "name": "Windows 10", "architecture": "amd64", "version": "10.0"}, "platform": "Java/Microsoft/17.0.14+7-LTS"} created with settings MongoClientSettings{readPreference=primary, writeConcern=WriteConcern{w=null, wTimeout=null ms, journal=true}, retryWrites=false, retryReads=true, readConcern=ReadConcern{level=null}, credential=MongoCredential{mechanism=null, userName='admin', source='admin', password=<hidden>, mechanismProperties=<hidden>}, streamFactoryFactory=null, commandListeners=[], codecRegistry=ProvidersCodecRegistry{codecProviders=[ProvidersCodecRegistry{codecProviders=[ValueCodecProvider{}, BsonValueCodecProvider{}, DBRefCodecProvider{}, DBObjectCodecProvider{}, DocumentCodecProvider{}, CollectionCodecProvider{}, IterableCodecProvider{}, MapCodecProvider{}, GeoJsonCodecProvider{}, GridFSFileCodecProvider{}, Jsr310CodecProvider{}, JsonObjectCodecProvider{}, BsonCodecProvider{}, EnumCodecProvider{}, com.mongodb.client.model.mql.ExpressionCodecProvider@7421213d, com.mongodb.Jep395RecordCodecProvider@6e98fd10]}, ProvidersCodecRegistry{codecProviders=[org.bson.codecs.pojo.PojoCodecProvider@3a3f1703]}]}, loggerSettings=LoggerSettings{maxDocumentLength=1000}, clusterSettings={hosts=[localhost:27017], srvServiceName=mongodb, mode=SINGLE, requiredClusterType=UNKNOWN, requiredReplicaSetName='null', serverSelector='null', clusterListeners='[]', serverSelectionTimeout='30000 ms', localThreshold='30000 ms'}, socketSettings=SocketSettings{connectTimeoutMS=10000, readTimeoutMS=0, receiveBufferSize=0, sendBufferSize=0}, heartbeatSocketSettings=SocketSettings{connectTimeoutMS=10000, readTimeoutMS=10000, receiveBufferSize=0, sendBufferSize=0}, connectionPoolSettings=ConnectionPoolSettings{maxSize=100, minSize=0, maxWaitTimeMS=120000, maxConnectionLifeTimeMS=0, maxConnectionIdleTimeMS=0, maintenanceInitialDelayMS=0, maintenanceFrequencyMS=60000, connectionPoolListeners=[], maxConnecting=2}, serverSettings=ServerSettings{heartbeatFrequencyMS=10000, minHeartbeatFrequencyMS=500, serverListeners='[]', serverMonitorListeners='[]'}, sslSettings=SslSettings{enabled=false, invalidHostNameAllowed=false, context=null}, applicationName='null', compressorList=[], uuidRepresentation=STANDARD, serverApi=null, autoEncryptionSettings=null, contextProvider=null}
2025-04-12 23:11:39,710 INFO  [org.mon.dri.cluster] (main) Cluster description not yet available. Waiting for 30000 ms before timing out
2025-04-12 23:11:39,711 INFO  [org.mon.dri.cluster] (cluster-ClusterId{value='67fad70b538d557061c706a7', description='null'}-localhost:27017) Monitor thread successfully connected to server with description ServerDescription{address=localhost:27017, type=REPLICA_SET_PRIMARY, state=CONNECTED, ok=true, minWireVersion=0, maxWireVersion=25, maxDocumentSize=16777216, logicalSessionTimeoutMinutes=30, roundTripTimeNanos=31257200, setName='rs0', canonicalAddress=localhost:27017, hosts=[localhost:27017], passives=[], arbiters=[], primary='localhost:27017', tagSet=TagSet{[]}, electionId=7fffffff0000000000000002, setVersion=1, topologyVersion=TopologyVersion{processId=67fad6d94a972dbd7b4a7850, counter=6}, lastWriteDate=Sat Apr 12 23:11:21 CEST 2025, lastUpdateTimeNanos=34521333624300}
2025-04-12 23:11:39,846 INFO  [com.epi.rep.PostRepoMongo] (main) [CLEAR POSTS][REPOSITORY]: clearing all posts
2025-04-12 23:11:39,849 INFO  [com.epi.rep.PostRepoMongo] (main) [CLEAR POSTS][REPOSITORY]: all posts cleared
2025-04-12 23:11:40,002 INFO  [com.epi.red.PostUserActionSubscriber] (executor-thread-1) [Event Start] UserActionEvent{actionType=USER_CREATED, userId='null', targetId='null', postId='null', postContent='null', timestamp=null}
2025-04-12 23:11:40,005 INFO  [com.epi.rep.RegisteredUsersRepo] (executor-thread-1) [REGISTER USER][REPO]: registering user user1
2025-04-12 23:11:40,009 INFO  [com.epi.rep.PostRepoMongo] (main) [CREATE POST][REPOSITORY]: début de la création du post
2025-04-12 23:11:40,010 INFO  [com.epi.rep.PostRepoMongo] (main) [CREATE POST][REPOSITORY]: persistance du post dans MongoDB
2025-04-12 23:11:40,047 INFO  [com.epi.rep.PostRepoMongo] (main) [CREATE POST][REPOSITORY]: post créé avec succès, id: 4d8d9224-5165-4492-9cdf-2db3fcaf5363
2025-04-12 23:11:40,062 INFO  [com.epi.rep.RegisteredUsersRepo] (executor-thread-1) [REGISTER USER][REPO]: user user1 not found, creating new user
2025-04-12 23:11:40,072 INFO  [com.epi.rep.RegisteredUsersRepo] (executor-thread-1) [REGISTER USER][REPO] find the recently added user UserModel{userId='user1', blockedUsers=[], registeredAt=null}
2025-04-12 23:11:40,072 INFO  [com.epi.red.PostUserActionSubscriber] (executor-thread-1) [Event Success] UserActionEvent{actionType=USER_CREATED, userId='null', targetId='null', postId='null', postContent='null', timestamp=null}
2025-04-12 23:11:40,072 INFO  [com.epi.red.PostUserActionSubscriber] (executor-thread-1) [Event Start] UserActionEvent{actionType=USER_CREATED, userId='null', targetId='null', postId='null', postContent='null', timestamp=null}
2025-04-12 23:11:40,072 INFO  [com.epi.rep.RegisteredUsersRepo] (executor-thread-1) [REGISTER USER][REPO]: registering user user2
2025-04-12 23:11:40,074 INFO  [com.epi.rep.RegisteredUsersRepo] (executor-thread-1) [REGISTER USER][REPO]: user user2 not found, creating new user
2025-04-12 23:11:40,080 INFO  [com.epi.rep.RegisteredUsersRepo] (executor-thread-1) [REGISTER USER][REPO] find the recently added user UserModel{userId='user2', blockedUsers=[], registeredAt=null}
2025-04-12 23:11:40,080 INFO  [com.epi.red.PostUserActionSubscriber] (executor-thread-1) [Event Success] UserActionEvent{actionType=USER_CREATED, userId='null', targetId='null', postId='null', postContent='null', timestamp=null}
2025-04-12 23:11:40,080 INFO  [com.epi.red.PostUserActionSubscriber] (executor-thread-1) [Event Start] UserActionEvent{actionType=USER_CREATED, userId='null', targetId='null', postId='null', postContent='null', timestamp=null}
2025-04-12 23:11:40,080 INFO  [com.epi.rep.RegisteredUsersRepo] (executor-thread-1) [REGISTER USER][REPO]: registering user user3
2025-04-12 23:11:40,083 INFO  [com.epi.rep.RegisteredUsersRepo] (executor-thread-1) [REGISTER USER][REPO]: user user3 not found, creating new user
2025-04-12 23:11:40,089 INFO  [com.epi.rep.RegisteredUsersRepo] (executor-thread-1) [REGISTER USER][REPO] find the recently added user UserModel{userId='user3', blockedUsers=[], registeredAt=null}
2025-04-12 23:11:40,089 INFO  [com.epi.red.PostUserActionSubscriber] (executor-thread-1) [Event Success] UserActionEvent{actionType=USER_CREATED, userId='null', targetId='null', postId='null', postContent='null', timestamp=null}
2025-04-12 23:11:40,089 INFO  [com.epi.red.PostUserActionSubscriber] (executor-thread-1) [Event Start] UserActionEvent{actionType=USER_CREATED, userId='null', targetId='null', postId='null', postContent='null', timestamp=null}
2025-04-12 23:11:40,089 INFO  [com.epi.rep.RegisteredUsersRepo] (executor-thread-1) [REGISTER USER][REPO]: registering user blocked_user
2025-04-12 23:11:40,091 INFO  [com.epi.rep.RegisteredUsersRepo] (executor-thread-1) [REGISTER USER][REPO]: user blocked_user not found, creating new user
2025-04-12 23:11:40,096 INFO  [com.epi.rep.RegisteredUsersRepo] (executor-thread-1) [REGISTER USER][REPO] find the recently added user UserModel{userId='blocked_user', blockedUsers=[], registeredAt=null}
2025-04-12 23:11:40,096 INFO  [com.epi.red.PostUserActionSubscriber] (executor-thread-1) [Event Success] UserActionEvent{actionType=USER_CREATED, userId='null', targetId='null', postId='null', postContent='null', timestamp=null}
2025-04-12 23:11:40,096 INFO  [com.epi.red.PostUserActionSubscriber] (executor-thread-1) [Event Start] UserActionEvent{actionType=USER_BLOCKED, userId='null', targetId='null', postId='null', postContent='null', timestamp=null}
2025-04-12 23:11:40,097 INFO  [com.epi.rep.RegisteredUsersRepo] (executor-thread-1) [BLOCK USER][REPO]: blocking user blocked_user for user user3
2025-04-12 23:11:40,104 INFO  [com.epi.red.PostUserActionSubscriber] (executor-thread-1) [Event Success] UserActionEvent{actionType=USER_BLOCKED, userId='null', targetId='null', postId='null', postContent='null', timestamp=null}
2025-04-12 23:11:40,843 INFO  [com.epi.con.RepoPostController] (executor-thread-1) [CREATE POST][CONTROLLER]: creating post with authorUsername: user1 and text: Post to retrieve
2025-04-12 23:11:40,844 INFO  [com.epi.ser.PostService] (executor-thread-1) [CREATE POST][SERVICE]: creating post: PostEntity{authorId=null, type=ORIGINAL, text='Post to retrieve', parentPostId=null, media=null, createdAt=null}
2025-04-12 23:11:40,844 INFO  [com.epi.rep.PostRepoMongo] (executor-thread-1) [CREATE POST][REPOSITORY]: début de la création du post
2025-04-12 23:11:40,844 INFO  [com.epi.rep.PostRepoMongo] (executor-thread-1) [CREATE POST][REPOSITORY]: persistance du post dans MongoDB
2025-04-12 23:11:40,850 INFO  [com.epi.rep.PostRepoMongo] (executor-thread-1) [CREATE POST][REPOSITORY]: post créé avec succès, id: 2d475019-a99e-443a-b333-452fcce1468a
2025-04-12 23:11:40,856 INFO  [com.epi.ser.PostService] (executor-thread-1) [CREATE POST][SERVICE]: created post: PostInfoEntity{postId='2d475019-a99e-443a-b333-452fcce1468a', authorId='null', text='Post to retrieve', parentPostId='null', type=ORIGINAL, mediaUrl='null', createdAt=Sat Apr 12 23:11:40 CEST 2025}
2025-04-12 23:11:40,856 INFO  [com.epi.ser.PostService] (executor-thread-1) [CREATE POST][SERVICE]: publishing post creation event to Redis: UserActionEvent{actionType=POST_CREATED, userId='null', targetId='null', postId='2d475019-a99e-443a-b333-452fcce1468a', postContent='Post to retrieve', timestamp=Sat Apr 12 23:11:40 CEST 2025}
2025-04-12 23:11:41,407 INFO  [com.epi.ser.PostService] (executor-thread-2) [GET POST][SERVICE]: getting post: 2d475019-a99e-443a-b333-452fcce1468a
]]></system-out>
  </testcase>
  <testcase name="testCreatePostWithTextExceeding160Characters" classname="RepoPostTest" time="0.029"/>
  <testcase name="testDeletePostNotFound" classname="RepoPostTest" time="0.035">
    <system-out><![CDATA[2025-04-12 23:11:41,519 INFO  [com.epi.ser.PostService] (executor-thread-1) [DELETE POST][SERVICE]: deleting post: 550e8400-e29b-41d4-a716-446655440000
2025-04-12 23:11:41,520 INFO  [com.epi.rep.PostRepoMongo] (executor-thread-1) [DELETE POST][REPOSITORY]: tentative de suppression du post: 550e8400-e29b-41d4-a716-446655440000 par l'auteur: user1
2025-04-12 23:11:41,521 ERROR [com.epi.rep.PostRepoMongo] (executor-thread-1) [DELETE POST][REPOSITORY]: post non trouvé: 550e8400-e29b-41d4-a716-446655440000
]]></system-out>
  </testcase>
  <testcase name="testGetPostNotFound" classname="RepoPostTest" time="0.019"/>
  <testcase name="testGetUserPostsNotFound" classname="RepoPostTest" time="0.02"/>
  <testcase name="testCreateReplyWithParentPostIdAndText" classname="RepoPostTest" time="0.046">
    <system-out><![CDATA[2025-04-12 23:11:41,589 INFO  [com.epi.ser.PostService] (executor-thread-1) [IS POST FROM BLOCKED USER][SERVICE]: checking if post is from blocked user: user1
2025-04-12 23:11:41,591 INFO  [com.epi.con.RepoPostController] (executor-thread-1) [CREATE POST][CONTROLLER]: creating post with authorUsername: user1 and text: Hello World
2025-04-12 23:11:41,591 INFO  [com.epi.ser.PostService] (executor-thread-1) [CREATE POST][SERVICE]: creating post: PostEntity{authorId=null, type=REPLY, text='Hello World', parentPostId=4d8d9224-5165-4492-9cdf-2db3fcaf5363, media=null, createdAt=null}
2025-04-12 23:11:41,591 INFO  [com.epi.rep.PostRepoMongo] (executor-thread-1) [CREATE POST][REPOSITORY]: début de la création du post
2025-04-12 23:11:41,591 INFO  [com.epi.rep.PostRepoMongo] (executor-thread-1) [CREATE POST][REPOSITORY]: persistance du post dans MongoDB
2025-04-12 23:11:41,596 INFO  [com.epi.rep.PostRepoMongo] (executor-thread-1) [CREATE POST][REPOSITORY]: post créé avec succès, id: 1b3049f5-6a77-4d86-917f-dcb47d9f882f
2025-04-12 23:11:41,596 INFO  [com.epi.ser.PostService] (executor-thread-1) [CREATE POST][SERVICE]: created post: PostInfoEntity{postId='1b3049f5-6a77-4d86-917f-dcb47d9f882f', authorId='null', text='Hello World', parentPostId='4d8d9224-5165-4492-9cdf-2db3fcaf5363', type=REPLY, mediaUrl='null', createdAt=Sat Apr 12 23:11:41 CEST 2025}
2025-04-12 23:11:41,596 INFO  [com.epi.ser.PostService] (executor-thread-1) [CREATE POST][SERVICE]: publishing post creation event to Redis: UserActionEvent{actionType=POST_CREATED, userId='null', targetId='null', postId='1b3049f5-6a77-4d86-917f-dcb47d9f882f', postContent='Hello World', timestamp=Sat Apr 12 23:11:41 CEST 2025}
]]></system-out>
  </testcase>
  <testcase name="testCreatePostWithTextAndRealMediaFile" classname="RepoPostTest" time="0.165">
    <system-out><![CDATA[2025-04-12 23:11:41,674 INFO  [com.epi.con.RepoPostController] (executor-thread-2) [CREATE POST][CONTROLLER]: creating post with authorUsername: user1 and text: Post avec m?dia
2025-04-12 23:11:41,675 INFO  [com.epi.ser.PostService] (executor-thread-2) [CREATE POST][SERVICE]: creating post: PostEntity{authorId=null, type=ORIGINAL, text='Post avec m?dia', parentPostId=null, media=org.jboss.resteasy.reactive.server.core.multipart.DefaultFileUpload@21e2439, createdAt=null}
2025-04-12 23:11:41,675 INFO  [com.epi.rep.PostRepoMongo] (executor-thread-2) [CREATE POST][REPOSITORY]: début de la création du post
2025-04-12 23:11:41,675 INFO  [com.epi.rep.PostRepoMongo] (executor-thread-2) [CREATE POST][REPOSITORY]: stockage du fichier joint
2025-04-12 23:11:41,748 INFO  [com.epi.rep.PostRepoMongo] (executor-thread-2) [CREATE POST][REPOSITORY]: fichier stocké avec succès, fileId: 67fad70d538d557061c706b5
2025-04-12 23:11:41,748 INFO  [com.epi.rep.PostRepoMongo] (executor-thread-2) [CREATE POST][REPOSITORY]: persistance du post dans MongoDB
2025-04-12 23:11:41,752 INFO  [com.epi.rep.PostRepoMongo] (executor-thread-2) [CREATE POST][REPOSITORY]: post créé avec succès, id: a8047f1b-f413-4209-b4a0-8551656f5b7e
2025-04-12 23:11:41,753 INFO  [com.epi.ser.PostService] (executor-thread-2) [CREATE POST][SERVICE]: created post: PostInfoEntity{postId='a8047f1b-f413-4209-b4a0-8551656f5b7e', authorId='null', text='Post avec m?dia', parentPostId='null', type=ORIGINAL, mediaUrl='/api/files/67fad70d538d557061c706b5', createdAt=Sat Apr 12 23:11:41 CEST 2025}
2025-04-12 23:11:41,753 INFO  [com.epi.ser.PostService] (executor-thread-2) [CREATE POST][SERVICE]: publishing post creation event to Redis: UserActionEvent{actionType=POST_CREATED, userId='null', targetId='null', postId='a8047f1b-f413-4209-b4a0-8551656f5b7e', postContent='Post avec m?dia', timestamp=Sat Apr 12 23:11:41 CEST 2025}
]]></system-out>
  </testcase>
  <testcase name="createReplyToBlockedUser" classname="RepoPostTest" time="0.028">
    <system-out><![CDATA[2025-04-12 23:11:41,800 INFO  [com.epi.ser.PostService] (executor-thread-1) [IS POST FROM BLOCKED USER][SERVICE]: checking if post is from blocked user: user3
2025-04-12 23:11:41,801 INFO  [com.epi.ser.PostService] (executor-thread-1) [IS POST FROM BLOCKED USER][SERVICE]: user is blocked: 4d8d9224-5165-4492-9cdf-2db3fcaf5363
]]></system-out>
  </testcase>
  <testcase name="testCreatePostWithValidData" classname="RepoPostTest" time="0.038">
    <system-out><![CDATA[2025-04-12 23:11:41,825 INFO  [com.epi.con.RepoPostController] (executor-thread-2) [CREATE POST][CONTROLLER]: creating post with authorUsername: user2 and text: Hello World
2025-04-12 23:11:41,826 INFO  [com.epi.ser.PostService] (executor-thread-2) [CREATE POST][SERVICE]: creating post: PostEntity{authorId=null, type=ORIGINAL, text='Hello World', parentPostId=null, media=null, createdAt=null}
2025-04-12 23:11:41,826 INFO  [com.epi.rep.PostRepoMongo] (executor-thread-2) [CREATE POST][REPOSITORY]: début de la création du post
2025-04-12 23:11:41,826 INFO  [com.epi.rep.PostRepoMongo] (executor-thread-2) [CREATE POST][REPOSITORY]: persistance du post dans MongoDB
2025-04-12 23:11:41,830 INFO  [com.epi.rep.PostRepoMongo] (executor-thread-2) [CREATE POST][REPOSITORY]: post créé avec succès, id: b3ff48fe-920a-4e37-80f3-f11918b7a713
2025-04-12 23:11:41,830 INFO  [com.epi.ser.PostService] (executor-thread-2) [CREATE POST][SERVICE]: created post: PostInfoEntity{postId='b3ff48fe-920a-4e37-80f3-f11918b7a713', authorId='null', text='Hello World', parentPostId='null', type=ORIGINAL, mediaUrl='null', createdAt=Sat Apr 12 23:11:41 CEST 2025}
2025-04-12 23:11:41,830 INFO  [com.epi.ser.PostService] (executor-thread-2) [CREATE POST][SERVICE]: publishing post creation event to Redis: UserActionEvent{actionType=POST_CREATED, userId='null', targetId='null', postId='b3ff48fe-920a-4e37-80f3-f11918b7a713', postContent='Hello World', timestamp=Sat Apr 12 23:11:41 CEST 2025}
]]></system-out>
  </testcase>
  <testcase name="testGetPostReplies" classname="RepoPostTest" time="0.259">
    <system-out><![CDATA[2025-04-12 23:11:41,864 INFO  [com.epi.con.RepoPostController] (executor-thread-1) [CREATE POST][CONTROLLER]: creating post with authorUsername: user1 and text: Post parent
2025-04-12 23:11:41,865 INFO  [com.epi.ser.PostService] (executor-thread-1) [CREATE POST][SERVICE]: creating post: PostEntity{authorId=null, type=ORIGINAL, text='Post parent', parentPostId=null, media=null, createdAt=null}
2025-04-12 23:11:41,865 INFO  [com.epi.rep.PostRepoMongo] (executor-thread-1) [CREATE POST][REPOSITORY]: début de la création du post
2025-04-12 23:11:41,865 INFO  [com.epi.rep.PostRepoMongo] (executor-thread-1) [CREATE POST][REPOSITORY]: persistance du post dans MongoDB
2025-04-12 23:11:41,868 INFO  [com.epi.rep.PostRepoMongo] (executor-thread-1) [CREATE POST][REPOSITORY]: post créé avec succès, id: 3afe40c4-f54e-4e65-9a01-c6a17c29616b
2025-04-12 23:11:41,868 INFO  [com.epi.ser.PostService] (executor-thread-1) [CREATE POST][SERVICE]: created post: PostInfoEntity{postId='3afe40c4-f54e-4e65-9a01-c6a17c29616b', authorId='null', text='Post parent', parentPostId='null', type=ORIGINAL, mediaUrl='null', createdAt=Sat Apr 12 23:11:41 CEST 2025}
2025-04-12 23:11:41,868 INFO  [com.epi.ser.PostService] (executor-thread-1) [CREATE POST][SERVICE]: publishing post creation event to Redis: UserActionEvent{actionType=POST_CREATED, userId='null', targetId='null', postId='3afe40c4-f54e-4e65-9a01-c6a17c29616b', postContent='Post parent', timestamp=Sat Apr 12 23:11:41 CEST 2025}
2025-04-12 23:11:41,900 INFO  [com.epi.ser.PostService] (executor-thread-2) [IS POST FROM BLOCKED USER][SERVICE]: checking if post is from blocked user: user2
2025-04-12 23:11:41,902 INFO  [com.epi.con.RepoPostController] (executor-thread-2) [CREATE POST][CONTROLLER]: creating post with authorUsername: user2 and text: Reponse au post
2025-04-12 23:11:41,902 INFO  [com.epi.ser.PostService] (executor-thread-2) [CREATE POST][SERVICE]: creating post: PostEntity{authorId=null, type=REPLY, text='Reponse au post', parentPostId=3afe40c4-f54e-4e65-9a01-c6a17c29616b, media=null, createdAt=null}
2025-04-12 23:11:41,902 INFO  [com.epi.rep.PostRepoMongo] (executor-thread-2) [CREATE POST][REPOSITORY]: début de la création du post
2025-04-12 23:11:41,902 INFO  [com.epi.rep.PostRepoMongo] (executor-thread-2) [CREATE POST][REPOSITORY]: persistance du post dans MongoDB
2025-04-12 23:11:41,907 INFO  [com.epi.rep.PostRepoMongo] (executor-thread-2) [CREATE POST][REPOSITORY]: post créé avec succès, id: f0842a32-e653-4081-a878-6076f7959875
2025-04-12 23:11:41,907 INFO  [com.epi.ser.PostService] (executor-thread-2) [CREATE POST][SERVICE]: created post: PostInfoEntity{postId='f0842a32-e653-4081-a878-6076f7959875', authorId='null', text='Reponse au post', parentPostId='3afe40c4-f54e-4e65-9a01-c6a17c29616b', type=REPLY, mediaUrl='null', createdAt=Sat Apr 12 23:11:41 CEST 2025}
2025-04-12 23:11:41,907 INFO  [com.epi.ser.PostService] (executor-thread-2) [CREATE POST][SERVICE]: publishing post creation event to Redis: UserActionEvent{actionType=POST_CREATED, userId='null', targetId='null', postId='f0842a32-e653-4081-a878-6076f7959875', postContent='Reponse au post', timestamp=Sat Apr 12 23:11:41 CEST 2025}
2025-04-12 23:11:41,925 INFO  [com.epi.ser.PostService] (executor-thread-1) [GET POST REPLIES][SERVICE]: getting post replies for post: 3afe40c4-f54e-4e65-9a01-c6a17c29616b
2025-04-12 23:11:41,925 INFO  [com.epi.rep.PostRepoMongo] (executor-thread-1) [GET POST REPLIES][REPOSITORY]: getting replies for post: 3afe40c4-f54e-4e65-9a01-c6a17c29616b
]]></system-out>
  </testcase>
  <testcase name="testCreatePostInvalidMissingTextAndFile" classname="RepoPostTest" time="0.019"/>
  <testcase name="testGeUnregisteredtUserPosts" classname="RepoPostTest" time="0.068">
    <system-out><![CDATA[2025-04-12 23:11:42,160 INFO  [com.epi.con.RepoPostController] (executor-thread-2) [CREATE POST][CONTROLLER]: creating post with authorUsername: user3 and text: Premier post
2025-04-12 23:11:42,160 INFO  [com.epi.ser.PostService] (executor-thread-2) [CREATE POST][SERVICE]: creating post: PostEntity{authorId=null, type=ORIGINAL, text='Premier post', parentPostId=null, media=null, createdAt=null}
2025-04-12 23:11:42,160 INFO  [com.epi.rep.PostRepoMongo] (executor-thread-2) [CREATE POST][REPOSITORY]: début de la création du post
2025-04-12 23:11:42,160 INFO  [com.epi.rep.PostRepoMongo] (executor-thread-2) [CREATE POST][REPOSITORY]: persistance du post dans MongoDB
2025-04-12 23:11:42,165 INFO  [com.epi.rep.PostRepoMongo] (executor-thread-2) [CREATE POST][REPOSITORY]: post créé avec succès, id: 474cf3d8-a220-48d3-978c-0e36c76137d3
2025-04-12 23:11:42,165 INFO  [com.epi.ser.PostService] (executor-thread-2) [CREATE POST][SERVICE]: created post: PostInfoEntity{postId='474cf3d8-a220-48d3-978c-0e36c76137d3', authorId='null', text='Premier post', parentPostId='null', type=ORIGINAL, mediaUrl='null', createdAt=Sat Apr 12 23:11:42 CEST 2025}
2025-04-12 23:11:42,165 INFO  [com.epi.ser.PostService] (executor-thread-2) [CREATE POST][SERVICE]: publishing post creation event to Redis: UserActionEvent{actionType=POST_CREATED, userId='null', targetId='null', postId='474cf3d8-a220-48d3-978c-0e36c76137d3', postContent='Premier post', timestamp=Sat Apr 12 23:11:42 CEST 2025}
]]></system-out>
  </testcase>
  <testcase name="testCreatePostWithTextAndMediaFile" classname="RepoPostTest" time="0.054">
    <system-out><![CDATA[2025-04-12 23:11:42,214 INFO  [com.epi.con.RepoPostController] (executor-thread-1) [CREATE POST][CONTROLLER]: creating post with authorUsername: user1 and text: Post avec m?dia
2025-04-12 23:11:42,215 INFO  [com.epi.ser.PostService] (executor-thread-1) [CREATE POST][SERVICE]: creating post: PostEntity{authorId=null, type=ORIGINAL, text='Post avec m?dia', parentPostId=null, media=org.jboss.resteasy.reactive.server.core.multipart.DefaultFileUpload@4f74705d, createdAt=null}
2025-04-12 23:11:42,215 INFO  [com.epi.rep.PostRepoMongo] (executor-thread-1) [CREATE POST][REPOSITORY]: début de la création du post
2025-04-12 23:11:42,215 INFO  [com.epi.rep.PostRepoMongo] (executor-thread-1) [CREATE POST][REPOSITORY]: stockage du fichier joint
2025-04-12 23:11:42,224 INFO  [com.epi.rep.PostRepoMongo] (executor-thread-1) [CREATE POST][REPOSITORY]: fichier stocké avec succès, fileId: 67fad70e538d557061c706be
2025-04-12 23:11:42,224 INFO  [com.epi.rep.PostRepoMongo] (executor-thread-1) [CREATE POST][REPOSITORY]: persistance du post dans MongoDB
2025-04-12 23:11:42,228 INFO  [com.epi.rep.PostRepoMongo] (executor-thread-1) [CREATE POST][REPOSITORY]: post créé avec succès, id: f7643c73-b318-4f81-974b-243816d2f497
2025-04-12 23:11:42,228 INFO  [com.epi.ser.PostService] (executor-thread-1) [CREATE POST][SERVICE]: created post: PostInfoEntity{postId='f7643c73-b318-4f81-974b-243816d2f497', authorId='null', text='Post avec m?dia', parentPostId='null', type=ORIGINAL, mediaUrl='/api/files/67fad70e538d557061c706be', createdAt=Sat Apr 12 23:11:42 CEST 2025}
2025-04-12 23:11:42,228 INFO  [com.epi.ser.PostService] (executor-thread-1) [CREATE POST][SERVICE]: publishing post creation event to Redis: UserActionEvent{actionType=POST_CREATED, userId='null', targetId='null', postId='f7643c73-b318-4f81-974b-243816d2f497', postContent='Post avec m?dia', timestamp=Sat Apr 12 23:11:42 CEST 2025}
]]></system-out>
  </testcase>
  <testcase name="testCreateRepostWithParentPostIdAndText" classname="RepoPostTest" time="0.04">
    <system-out><![CDATA[2025-04-12 23:11:42,267 INFO  [com.epi.ser.PostService] (executor-thread-2) [IS POST FROM BLOCKED USER][SERVICE]: checking if post is from blocked user: user1
2025-04-12 23:11:42,268 INFO  [com.epi.con.RepoPostController] (executor-thread-2) [CREATE POST][CONTROLLER]: creating post with authorUsername: user1 and text: Hello World
2025-04-12 23:11:42,268 INFO  [com.epi.ser.PostService] (executor-thread-2) [CREATE POST][SERVICE]: creating post: PostEntity{authorId=null, type=REPOST, text='Hello World', parentPostId=4d8d9224-5165-4492-9cdf-2db3fcaf5363, media=null, createdAt=null}
2025-04-12 23:11:42,268 INFO  [com.epi.rep.PostRepoMongo] (executor-thread-2) [CREATE POST][REPOSITORY]: début de la création du post
2025-04-12 23:11:42,268 INFO  [com.epi.rep.PostRepoMongo] (executor-thread-2) [CREATE POST][REPOSITORY]: persistance du post dans MongoDB
2025-04-12 23:11:42,273 INFO  [com.epi.rep.PostRepoMongo] (executor-thread-2) [CREATE POST][REPOSITORY]: post créé avec succès, id: 1f370abc-c800-424b-ad64-554156162797
2025-04-12 23:11:42,273 INFO  [com.epi.ser.PostService] (executor-thread-2) [CREATE POST][SERVICE]: created post: PostInfoEntity{postId='1f370abc-c800-424b-ad64-554156162797', authorId='null', text='Hello World', parentPostId='4d8d9224-5165-4492-9cdf-2db3fcaf5363', type=REPOST, mediaUrl='null', createdAt=Sat Apr 12 23:11:42 CEST 2025}
2025-04-12 23:11:42,273 INFO  [com.epi.ser.PostService] (executor-thread-2) [CREATE POST][SERVICE]: publishing post creation event to Redis: UserActionEvent{actionType=POST_CREATED, userId='null', targetId='null', postId='1f370abc-c800-424b-ad64-554156162797', postContent='Hello World', timestamp=Sat Apr 12 23:11:42 CEST 2025}
]]></system-out>
  </testcase>
  <testcase name="testCreateAndGetPostWithMedia" classname="RepoPostTest" time="0.198">
    <system-out><![CDATA[2025-04-12 23:11:42,337 INFO  [com.epi.con.RepoPostController] (executor-thread-1) [CREATE POST][CONTROLLER]: creating post with authorUsername: user1 and text: Post avec fichier ? v?rifier
2025-04-12 23:11:42,337 INFO  [com.epi.ser.PostService] (executor-thread-1) [CREATE POST][SERVICE]: creating post: PostEntity{authorId=null, type=ORIGINAL, text='Post avec fichier ? v?rifier', parentPostId=null, media=org.jboss.resteasy.reactive.server.core.multipart.DefaultFileUpload@442ed05b, createdAt=null}
2025-04-12 23:11:42,337 INFO  [com.epi.rep.PostRepoMongo] (executor-thread-1) [CREATE POST][REPOSITORY]: début de la création du post
2025-04-12 23:11:42,337 INFO  [com.epi.rep.PostRepoMongo] (executor-thread-1) [CREATE POST][REPOSITORY]: stockage du fichier joint
2025-04-12 23:11:42,393 INFO  [com.epi.rep.PostRepoMongo] (executor-thread-1) [CREATE POST][REPOSITORY]: fichier stocké avec succès, fileId: 67fad70e538d557061c706c3
2025-04-12 23:11:42,393 INFO  [com.epi.rep.PostRepoMongo] (executor-thread-1) [CREATE POST][REPOSITORY]: persistance du post dans MongoDB
2025-04-12 23:11:42,397 INFO  [com.epi.rep.PostRepoMongo] (executor-thread-1) [CREATE POST][REPOSITORY]: post créé avec succès, id: d0fcc798-8194-4f4f-9591-ab7ca097244f
2025-04-12 23:11:42,398 INFO  [com.epi.ser.PostService] (executor-thread-1) [CREATE POST][SERVICE]: created post: PostInfoEntity{postId='d0fcc798-8194-4f4f-9591-ab7ca097244f', authorId='null', text='Post avec fichier ? v?rifier', parentPostId='null', type=ORIGINAL, mediaUrl='/api/files/67fad70e538d557061c706c3', createdAt=Sat Apr 12 23:11:42 CEST 2025}
2025-04-12 23:11:42,398 INFO  [com.epi.ser.PostService] (executor-thread-1) [CREATE POST][SERVICE]: publishing post creation event to Redis: UserActionEvent{actionType=POST_CREATED, userId='null', targetId='null', postId='d0fcc798-8194-4f4f-9591-ab7ca097244f', postContent='Post avec fichier ? v?rifier', timestamp=Sat Apr 12 23:11:42 CEST 2025}
2025-04-12 23:11:42,431 INFO  [com.epi.ser.PostService] (executor-thread-2) [GET POST][SERVICE]: getting post: d0fcc798-8194-4f4f-9591-ab7ca097244f
]]></system-out>
  </testcase>
  <testcase name="testDeleteOwnPost" classname="RepoPostTest" time="0.065">
    <system-out><![CDATA[2025-04-12 23:11:42,502 INFO  [com.epi.con.RepoPostController] (executor-thread-2) [CREATE POST][CONTROLLER]: creating post with authorUsername: user1 and text: Post ? supprimer
2025-04-12 23:11:42,502 INFO  [com.epi.ser.PostService] (executor-thread-2) [CREATE POST][SERVICE]: creating post: PostEntity{authorId=null, type=ORIGINAL, text='Post ? supprimer', parentPostId=null, media=null, createdAt=null}
2025-04-12 23:11:42,502 INFO  [com.epi.rep.PostRepoMongo] (executor-thread-2) [CREATE POST][REPOSITORY]: début de la création du post
2025-04-12 23:11:42,502 INFO  [com.epi.rep.PostRepoMongo] (executor-thread-2) [CREATE POST][REPOSITORY]: persistance du post dans MongoDB
2025-04-12 23:11:42,507 INFO  [com.epi.rep.PostRepoMongo] (executor-thread-2) [CREATE POST][REPOSITORY]: post créé avec succès, id: f7ab9d30-3170-4b3b-8961-5a39d6286157
2025-04-12 23:11:42,507 INFO  [com.epi.ser.PostService] (executor-thread-2) [CREATE POST][SERVICE]: created post: PostInfoEntity{postId='f7ab9d30-3170-4b3b-8961-5a39d6286157', authorId='null', text='Post ? supprimer', parentPostId='null', type=ORIGINAL, mediaUrl='null', createdAt=Sat Apr 12 23:11:42 CEST 2025}
2025-04-12 23:11:42,507 INFO  [com.epi.ser.PostService] (executor-thread-2) [CREATE POST][SERVICE]: publishing post creation event to Redis: UserActionEvent{actionType=POST_CREATED, userId='null', targetId='null', postId='f7ab9d30-3170-4b3b-8961-5a39d6286157', postContent='Post ? supprimer', timestamp=Sat Apr 12 23:11:42 CEST 2025}
2025-04-12 23:11:42,536 INFO  [com.epi.ser.PostService] (executor-thread-1) [DELETE POST][SERVICE]: deleting post: f7ab9d30-3170-4b3b-8961-5a39d6286157
2025-04-12 23:11:42,536 INFO  [com.epi.rep.PostRepoMongo] (executor-thread-1) [DELETE POST][REPOSITORY]: tentative de suppression du post: f7ab9d30-3170-4b3b-8961-5a39d6286157 par l'auteur: user1
2025-04-12 23:11:42,539 INFO  [com.epi.rep.PostRepoMongo] (executor-thread-1) [DELETE POST][REPOSITORY]: transaction démarrée pour supprimer le post: f7ab9d30-3170-4b3b-8961-5a39d6286157
2025-04-12 23:11:42,542 INFO  [com.epi.rep.PostRepoMongo] (executor-thread-1) [DELETE POST][REPOSITORY]: 0 posts référençant ce post comme parent mis à jour
2025-04-12 23:11:42,546 INFO  [com.epi.rep.PostRepoMongo] (executor-thread-1) [DELETE POST][REPOSITORY]: transaction validée, post supprimé avec succès: f7ab9d30-3170-4b3b-8961-5a39d6286157
2025-04-12 23:11:42,546 INFO  [com.epi.ser.PostService] (executor-thread-1) [DELETE POST][SERVICE]: deleted post node successfully: f7ab9d30-3170-4b3b-8961-5a39d6286157
2025-04-12 23:11:42,546 INFO  [com.epi.ser.PostService] (executor-thread-1) [DELETE POST][SERVICE]: publishing post deletion event to Redis: UserActionEvent{actionType=POST_DELETED, userId='null', targetId='null', postId='f7ab9d30-3170-4b3b-8961-5a39d6286157', postContent='null', timestamp=null}
]]></system-out>
  </testcase>
  <testcase name="testCreateReplyWithoutParentPostId" classname="RepoPostTest" time="0.016"/>
  <testcase name="testDeleteOtherUserPost" classname="RepoPostTest" time="0.055">
    <system-out><![CDATA[2025-04-12 23:11:42,588 INFO  [com.epi.con.RepoPostController] (executor-thread-2) [CREATE POST][CONTROLLER]: creating post with authorUsername: user1 and text: Post d'un autre utilisateur
2025-04-12 23:11:42,588 INFO  [com.epi.ser.PostService] (executor-thread-2) [CREATE POST][SERVICE]: creating post: PostEntity{authorId=null, type=ORIGINAL, text='Post d'un autre utilisateur', parentPostId=null, media=null, createdAt=null}
2025-04-12 23:11:42,588 INFO  [com.epi.rep.PostRepoMongo] (executor-thread-2) [CREATE POST][REPOSITORY]: début de la création du post
2025-04-12 23:11:42,588 INFO  [com.epi.rep.PostRepoMongo] (executor-thread-2) [CREATE POST][REPOSITORY]: persistance du post dans MongoDB
2025-04-12 23:11:42,593 INFO  [com.epi.rep.PostRepoMongo] (executor-thread-2) [CREATE POST][REPOSITORY]: post créé avec succès, id: ebfde4ff-a024-4cfc-9bd5-fe21735d151c
2025-04-12 23:11:42,593 INFO  [com.epi.ser.PostService] (executor-thread-2) [CREATE POST][SERVICE]: created post: PostInfoEntity{postId='ebfde4ff-a024-4cfc-9bd5-fe21735d151c', authorId='null', text='Post d'un autre utilisateur', parentPostId='null', type=ORIGINAL, mediaUrl='null', createdAt=Sat Apr 12 23:11:42 CEST 2025}
2025-04-12 23:11:42,593 INFO  [com.epi.ser.PostService] (executor-thread-2) [CREATE POST][SERVICE]: publishing post creation event to Redis: UserActionEvent{actionType=POST_CREATED, userId='null', targetId='null', postId='ebfde4ff-a024-4cfc-9bd5-fe21735d151c', postContent='Post d'un autre utilisateur', timestamp=Sat Apr 12 23:11:42 CEST 2025}
2025-04-12 23:11:42,619 INFO  [com.epi.ser.PostService] (executor-thread-1) [DELETE POST][SERVICE]: deleting post: ebfde4ff-a024-4cfc-9bd5-fe21735d151c
2025-04-12 23:11:42,619 INFO  [com.epi.rep.PostRepoMongo] (executor-thread-1) [DELETE POST][REPOSITORY]: tentative de suppression du post: ebfde4ff-a024-4cfc-9bd5-fe21735d151c par l'auteur: user2
2025-04-12 23:11:42,620 ERROR [com.epi.rep.PostRepoMongo] (executor-thread-1) [DELETE POST][REPOSITORY]: utilisateur non autorisé à supprimer le post: ebfde4ff-a024-4cfc-9bd5-fe21735d151c
]]></system-out>
  </testcase>
  <testcase name="testGetUserPosts" classname="RepoPostTest" time="0.045">
    <system-out><![CDATA[2025-04-12 23:11:42,641 INFO  [com.epi.con.RepoPostController] (executor-thread-1) [CREATE POST][CONTROLLER]: creating post with authorUsername: user3 and text: Premier post
2025-04-12 23:11:42,642 INFO  [com.epi.ser.PostService] (executor-thread-1) [CREATE POST][SERVICE]: creating post: PostEntity{authorId=null, type=ORIGINAL, text='Premier post', parentPostId=null, media=null, createdAt=null}
2025-04-12 23:11:42,642 INFO  [com.epi.rep.PostRepoMongo] (executor-thread-1) [CREATE POST][REPOSITORY]: début de la création du post
2025-04-12 23:11:42,642 INFO  [com.epi.rep.PostRepoMongo] (executor-thread-1) [CREATE POST][REPOSITORY]: persistance du post dans MongoDB
2025-04-12 23:11:42,646 INFO  [com.epi.rep.PostRepoMongo] (executor-thread-1) [CREATE POST][REPOSITORY]: post créé avec succès, id: f29a2da4-6540-4c98-8b21-f98969f06696
2025-04-12 23:11:42,646 INFO  [com.epi.ser.PostService] (executor-thread-1) [CREATE POST][SERVICE]: created post: PostInfoEntity{postId='f29a2da4-6540-4c98-8b21-f98969f06696', authorId='null', text='Premier post', parentPostId='null', type=ORIGINAL, mediaUrl='null', createdAt=Sat Apr 12 23:11:42 CEST 2025}
2025-04-12 23:11:42,646 INFO  [com.epi.ser.PostService] (executor-thread-1) [CREATE POST][SERVICE]: publishing post creation event to Redis: UserActionEvent{actionType=POST_CREATED, userId='null', targetId='null', postId='f29a2da4-6540-4c98-8b21-f98969f06696', postContent='Premier post', timestamp=Sat Apr 12 23:11:42 CEST 2025}
2025-04-12 23:11:42,664 INFO  [com.epi.ser.PostService] (executor-thread-2) [GET USER POSTS][SERVICE]: getting posts for user: user3
]]></system-out>
  </testcase>
  <testcase name="testCreateRepostWithoutParentPostId" classname="RepoPostTest" time="0.017"/>
  <testcase name="testCreateRepostWithIncorrectParentPostIdAndText" classname="RepoPostTest" time="0.02"/>
  <testcase name="testCreateReplyWithIncorrectParentPostIdAndText" classname="RepoPostTest" time="0.02"/>
</testsuite>